<?xml version="1.0" encoding="UTF-8"?>
<testsuite xmlns:xsi="http://www.w3.org/2001/XMLSchema-instance" xsi:noNamespaceSchemaLocation="https://maven.apache.org/surefire/maven-surefire-plugin/xsd/surefire-test-report-3.0.xsd" version="3.0" name="com.example.Easy.Services.NewsServiceTest" time="0.676" tests="8" errors="0" skipped="0" failures="0">
  <properties>
    <property name="java.specification.version" value="20"/>
    <property name="sun.cpu.isalist" value="amd64"/>
    <property name="sun.jnu.encoding" value="Cp1254"/>
    <property name="java.class.path" value="C:\Users\buyuk\OneDrive\Belgeler\GitHub\Easy-Back-End\target\test-classes;C:\Users\buyuk\OneDrive\Belgeler\GitHub\Easy-Back-End\target\classes;C:\Users\buyuk\.m2\repository\org\springframework\boot\spring-boot-devtools\3.1.2\spring-boot-devtools-3.1.2.jar;C:\Users\buyuk\.m2\repository\org\springframework\boot\spring-boot\3.1.2\spring-boot-3.1.2.jar;C:\Users\buyuk\.m2\repository\org\springframework\spring-context\6.0.11\spring-context-6.0.11.jar;C:\Users\buyuk\.m2\repository\org\springframework\boot\spring-boot-autoconfigure\3.1.2\spring-boot-autoconfigure-3.1.2.jar;C:\Users\buyuk\.m2\repository\org\springframework\boot\spring-boot-starter-data-jpa\3.1.2\spring-boot-starter-data-jpa-3.1.2.jar;C:\Users\buyuk\.m2\repository\org\springframework\boot\spring-boot-starter-aop\3.1.2\spring-boot-starter-aop-3.1.2.jar;C:\Users\buyuk\.m2\repository\org\springframework\spring-aop\6.0.11\spring-aop-6.0.11.jar;C:\Users\buyuk\.m2\repository\org\aspectj\aspectjweaver\1.9.19\aspectjweaver-1.9.19.jar;C:\Users\buyuk\.m2\repository\org\springframework\boot\spring-boot-starter-jdbc\3.1.2\spring-boot-starter-jdbc-3.1.2.jar;C:\Users\buyuk\.m2\repository\com\zaxxer\HikariCP\5.0.1\HikariCP-5.0.1.jar;C:\Users\buyuk\.m2\repository\org\springframework\spring-jdbc\6.0.11\spring-jdbc-6.0.11.jar;C:\Users\buyuk\.m2\repository\org\hibernate\orm\hibernate-core\6.2.6.Final\hibernate-core-6.2.6.Final.jar;C:\Users\buyuk\.m2\repository\jakarta\persistence\jakarta.persistence-api\3.1.0\jakarta.persistence-api-3.1.0.jar;C:\Users\buyuk\.m2\repository\jakarta\transaction\jakarta.transaction-api\2.0.1\jakarta.transaction-api-2.0.1.jar;C:\Users\buyuk\.m2\repository\org\jboss\logging\jboss-logging\3.5.3.Final\jboss-logging-3.5.3.Final.jar;C:\Users\buyuk\.m2\repository\org\hibernate\common\hibernate-commons-annotations\6.0.6.Final\hibernate-commons-annotations-6.0.6.Final.jar;C:\Users\buyuk\.m2\repository\io\smallrye\jandex\3.0.5\jandex-3.0.5.jar;C:\Users\buyuk\.m2\repository\com\fasterxml\classmate\1.5.1\classmate-1.5.1.jar;C:\Users\buyuk\.m2\repository\net\bytebuddy\byte-buddy\1.14.5\byte-buddy-1.14.5.jar;C:\Users\buyuk\.m2\repository\org\glassfish\jaxb\jaxb-runtime\4.0.3\jaxb-runtime-4.0.3.jar;C:\Users\buyuk\.m2\repository\org\glassfish\jaxb\jaxb-core\4.0.3\jaxb-core-4.0.3.jar;C:\Users\buyuk\.m2\repository\org\eclipse\angus\angus-activation\2.0.1\angus-activation-2.0.1.jar;C:\Users\buyuk\.m2\repository\org\glassfish\jaxb\txw2\4.0.3\txw2-4.0.3.jar;C:\Users\buyuk\.m2\repository\com\sun\istack\istack-commons-runtime\4.1.2\istack-commons-runtime-4.1.2.jar;C:\Users\buyuk\.m2\repository\jakarta\inject\jakarta.inject-api\2.0.1\jakarta.inject-api-2.0.1.jar;C:\Users\buyuk\.m2\repository\org\antlr\antlr4-runtime\4.10.1\antlr4-runtime-4.10.1.jar;C:\Users\buyuk\.m2\repository\org\springframework\data\spring-data-jpa\3.1.2\spring-data-jpa-3.1.2.jar;C:\Users\buyuk\.m2\repository\org\springframework\data\spring-data-commons\3.1.2\spring-data-commons-3.1.2.jar;C:\Users\buyuk\.m2\repository\org\springframework\spring-orm\6.0.11\spring-orm-6.0.11.jar;C:\Users\buyuk\.m2\repository\org\springframework\spring-tx\6.0.11\spring-tx-6.0.11.jar;C:\Users\buyuk\.m2\repository\org\springframework\spring-beans\6.0.11\spring-beans-6.0.11.jar;C:\Users\buyuk\.m2\repository\org\springframework\spring-aspects\6.0.11\spring-aspects-6.0.11.jar;C:\Users\buyuk\.m2\repository\org\springframework\boot\spring-boot-starter-web\3.1.2\spring-boot-starter-web-3.1.2.jar;C:\Users\buyuk\.m2\repository\org\springframework\boot\spring-boot-starter-json\3.1.2\spring-boot-starter-json-3.1.2.jar;C:\Users\buyuk\.m2\repository\com\fasterxml\jackson\core\jackson-databind\2.15.2\jackson-databind-2.15.2.jar;C:\Users\buyuk\.m2\repository\com\fasterxml\jackson\core\jackson-annotations\2.15.2\jackson-annotations-2.15.2.jar;C:\Users\buyuk\.m2\repository\com\fasterxml\jackson\datatype\jackson-datatype-jdk8\2.15.2\jackson-datatype-jdk8-2.15.2.jar;C:\Users\buyuk\.m2\repository\com\fasterxml\jackson\datatype\jackson-datatype-jsr310\2.15.2\jackson-datatype-jsr310-2.15.2.jar;C:\Users\buyuk\.m2\repository\com\fasterxml\jackson\module\jackson-module-parameter-names\2.15.2\jackson-module-parameter-names-2.15.2.jar;C:\Users\buyuk\.m2\repository\org\springframework\boot\spring-boot-starter-tomcat\3.1.2\spring-boot-starter-tomcat-3.1.2.jar;C:\Users\buyuk\.m2\repository\org\apache\tomcat\embed\tomcat-embed-core\10.1.11\tomcat-embed-core-10.1.11.jar;C:\Users\buyuk\.m2\repository\org\apache\tomcat\embed\tomcat-embed-websocket\10.1.11\tomcat-embed-websocket-10.1.11.jar;C:\Users\buyuk\.m2\repository\org\springframework\spring-web\6.0.11\spring-web-6.0.11.jar;C:\Users\buyuk\.m2\repository\io\micrometer\micrometer-observation\1.11.2\micrometer-observation-1.11.2.jar;C:\Users\buyuk\.m2\repository\io\micrometer\micrometer-commons\1.11.2\micrometer-commons-1.11.2.jar;C:\Users\buyuk\.m2\repository\org\springframework\spring-webmvc\6.0.11\spring-webmvc-6.0.11.jar;C:\Users\buyuk\.m2\repository\org\springframework\spring-expression\6.0.11\spring-expression-6.0.11.jar;C:\Users\buyuk\.m2\repository\com\h2database\h2\2.1.214\h2-2.1.214.jar;C:\Users\buyuk\.m2\repository\org\springframework\boot\spring-boot-starter\3.1.2\spring-boot-starter-3.1.2.jar;C:\Users\buyuk\.m2\repository\org\springframework\boot\spring-boot-starter-logging\3.1.2\spring-boot-starter-logging-3.1.2.jar;C:\Users\buyuk\.m2\repository\ch\qos\logback\logback-classic\1.4.8\logback-classic-1.4.8.jar;C:\Users\buyuk\.m2\repository\ch\qos\logback\logback-core\1.4.8\logback-core-1.4.8.jar;C:\Users\buyuk\.m2\repository\org\apache\logging\log4j\log4j-to-slf4j\2.20.0\log4j-to-slf4j-2.20.0.jar;C:\Users\buyuk\.m2\repository\org\apache\logging\log4j\log4j-api\2.20.0\log4j-api-2.20.0.jar;C:\Users\buyuk\.m2\repository\org\slf4j\jul-to-slf4j\2.0.7\jul-to-slf4j-2.0.7.jar;C:\Users\buyuk\.m2\repository\jakarta\annotation\jakarta.annotation-api\2.1.1\jakarta.annotation-api-2.1.1.jar;C:\Users\buyuk\.m2\repository\org\springframework\spring-core\6.0.11\spring-core-6.0.11.jar;C:\Users\buyuk\.m2\repository\org\springframework\spring-jcl\6.0.11\spring-jcl-6.0.11.jar;C:\Users\buyuk\.m2\repository\org\yaml\snakeyaml\1.33\snakeyaml-1.33.jar;C:\Users\buyuk\.m2\repository\mysql\mysql-connector-java\8.0.28\mysql-connector-java-8.0.28.jar;C:\Users\buyuk\.m2\repository\com\google\protobuf\protobuf-java\3.11.4\protobuf-java-3.11.4.jar;C:\Users\buyuk\.m2\repository\org\projectlombok\lombok\1.18.28\lombok-1.18.28.jar;C:\Users\buyuk\.m2\repository\org\springframework\boot\spring-boot-starter-test\3.1.2\spring-boot-starter-test-3.1.2.jar;C:\Users\buyuk\.m2\repository\org\springframework\boot\spring-boot-test\3.1.2\spring-boot-test-3.1.2.jar;C:\Users\buyuk\.m2\repository\org\springframework\boot\spring-boot-test-autoconfigure\3.1.2\spring-boot-test-autoconfigure-3.1.2.jar;C:\Users\buyuk\.m2\repository\com\jayway\jsonpath\json-path\2.8.0\json-path-2.8.0.jar;C:\Users\buyuk\.m2\repository\jakarta\xml\bind\jakarta.xml.bind-api\4.0.0\jakarta.xml.bind-api-4.0.0.jar;C:\Users\buyuk\.m2\repository\jakarta\activation\jakarta.activation-api\2.1.2\jakarta.activation-api-2.1.2.jar;C:\Users\buyuk\.m2\repository\net\minidev\json-smart\2.4.11\json-smart-2.4.11.jar;C:\Users\buyuk\.m2\repository\net\minidev\accessors-smart\2.4.11\accessors-smart-2.4.11.jar;C:\Users\buyuk\.m2\repository\org\ow2\asm\asm\9.3\asm-9.3.jar;C:\Users\buyuk\.m2\repository\org\assertj\assertj-core\3.24.2\assertj-core-3.24.2.jar;C:\Users\buyuk\.m2\repository\org\hamcrest\hamcrest\2.2\hamcrest-2.2.jar;C:\Users\buyuk\.m2\repository\org\junit\jupiter\junit-jupiter\5.9.3\junit-jupiter-5.9.3.jar;C:\Users\buyuk\.m2\repository\org\junit\jupiter\junit-jupiter-api\5.9.3\junit-jupiter-api-5.9.3.jar;C:\Users\buyuk\.m2\repository\org\opentest4j\opentest4j\1.2.0\opentest4j-1.2.0.jar;C:\Users\buyuk\.m2\repository\org\junit\platform\junit-platform-commons\1.9.3\junit-platform-commons-1.9.3.jar;C:\Users\buyuk\.m2\repository\org\apiguardian\apiguardian-api\1.1.2\apiguardian-api-1.1.2.jar;C:\Users\buyuk\.m2\repository\org\junit\jupiter\junit-jupiter-params\5.9.3\junit-jupiter-params-5.9.3.jar;C:\Users\buyuk\.m2\repository\org\junit\jupiter\junit-jupiter-engine\5.9.3\junit-jupiter-engine-5.9.3.jar;C:\Users\buyuk\.m2\repository\org\junit\platform\junit-platform-engine\1.9.3\junit-platform-engine-1.9.3.jar;C:\Users\buyuk\.m2\repository\org\mockito\mockito-core\5.3.1\mockito-core-5.3.1.jar;C:\Users\buyuk\.m2\repository\net\bytebuddy\byte-buddy-agent\1.14.5\byte-buddy-agent-1.14.5.jar;C:\Users\buyuk\.m2\repository\org\objenesis\objenesis\3.3\objenesis-3.3.jar;C:\Users\buyuk\.m2\repository\org\mockito\mockito-junit-jupiter\5.3.1\mockito-junit-jupiter-5.3.1.jar;C:\Users\buyuk\.m2\repository\org\skyscreamer\jsonassert\1.5.1\jsonassert-1.5.1.jar;C:\Users\buyuk\.m2\repository\com\vaadin\external\google\android-json\0.0.20131108.vaadin1\android-json-0.0.20131108.vaadin1.jar;C:\Users\buyuk\.m2\repository\org\springframework\spring-test\6.0.11\spring-test-6.0.11.jar;C:\Users\buyuk\.m2\repository\org\xmlunit\xmlunit-core\2.9.1\xmlunit-core-2.9.1.jar;C:\Users\buyuk\.m2\repository\com\google\firebase\firebase-admin\9.2.0\firebase-admin-9.2.0.jar;C:\Users\buyuk\.m2\repository\com\google\api-client\google-api-client\2.2.0\google-api-client-2.2.0.jar;C:\Users\buyuk\.m2\repository\commons-codec\commons-codec\1.15\commons-codec-1.15.jar;C:\Users\buyuk\.m2\repository\com\google\oauth-client\google-oauth-client\1.34.1\google-oauth-client-1.34.1.jar;C:\Users\buyuk\.m2\repository\com\google\http-client\google-http-client-gson\1.42.3\google-http-client-gson-1.42.3.jar;C:\Users\buyuk\.m2\repository\com\google\http-client\google-http-client-apache-v2\1.42.3\google-http-client-apache-v2-1.42.3.jar;C:\Users\buyuk\.m2\repository\org\apache\httpcomponents\httpcore\4.4.16\httpcore-4.4.16.jar;C:\Users\buyuk\.m2\repository\org\apache\httpcomponents\httpclient\4.5.14\httpclient-4.5.14.jar;C:\Users\buyuk\.m2\repository\com\google\api-client\google-api-client-gson\2.2.0\google-api-client-gson-2.2.0.jar;C:\Users\buyuk\.m2\repository\com\google\http-client\google-http-client\1.43.1\google-http-client-1.43.1.jar;C:\Users\buyuk\.m2\repository\com\google\code\findbugs\jsr305\3.0.2\jsr305-3.0.2.jar;C:\Users\buyuk\.m2\repository\com\google\errorprone\error_prone_annotations\2.18.0\error_prone_annotations-2.18.0.jar;C:\Users\buyuk\.m2\repository\com\google\j2objc\j2objc-annotations\1.3\j2objc-annotations-1.3.jar;C:\Users\buyuk\.m2\repository\io\opencensus\opencensus-api\0.31.1\opencensus-api-0.31.1.jar;C:\Users\buyuk\.m2\repository\io\opencensus\opencensus-contrib-http-util\0.31.1\opencensus-contrib-http-util-0.31.1.jar;C:\Users\buyuk\.m2\repository\com\google\api\api-common\2.12.0\api-common-2.12.0.jar;C:\Users\buyuk\.m2\repository\com\google\auto\value\auto-value-annotations\1.10.1\auto-value-annotations-1.10.1.jar;C:\Users\buyuk\.m2\repository\javax\annotation\javax.annotation-api\1.3.2\javax.annotation-api-1.3.2.jar;C:\Users\buyuk\.m2\repository\com\google\auth\google-auth-library-oauth2-http\1.17.0\google-auth-library-oauth2-http-1.17.0.jar;C:\Users\buyuk\.m2\repository\com\google\auth\google-auth-library-credentials\1.17.0\google-auth-library-credentials-1.17.0.jar;C:\Users\buyuk\.m2\repository\com\google\cloud\google-cloud-storage\2.22.4\google-cloud-storage-2.22.4.jar;C:\Users\buyuk\.m2\repository\com\google\guava\failureaccess\1.0.1\failureaccess-1.0.1.jar;C:\Users\buyuk\.m2\repository\com\google\guava\listenablefuture\9999.0-empty-to-avoid-conflict-with-guava\listenablefuture-9999.0-empty-to-avoid-conflict-with-guava.jar;C:\Users\buyuk\.m2\repository\com\google\http-client\google-http-client-jackson2\1.43.1\google-http-client-jackson2-1.43.1.jar;C:\Users\buyuk\.m2\repository\com\google\apis\google-api-services-storage\v1-rev20230301-2.0.0\google-api-services-storage-v1-rev20230301-2.0.0.jar;C:\Users\buyuk\.m2\repository\com\google\code\gson\gson\2.10.1\gson-2.10.1.jar;C:\Users\buyuk\.m2\repository\com\google\cloud\google-cloud-core\2.19.0\google-cloud-core-2.19.0.jar;C:\Users\buyuk\.m2\repository\com\google\cloud\google-cloud-core-http\2.19.0\google-cloud-core-http-2.19.0.jar;C:\Users\buyuk\.m2\repository\com\google\http-client\google-http-client-appengine\1.43.1\google-http-client-appengine-1.43.1.jar;C:\Users\buyuk\.m2\repository\com\google\api\gax-httpjson\0.114.0\gax-httpjson-0.114.0.jar;C:\Users\buyuk\.m2\repository\com\google\cloud\google-cloud-core-grpc\2.19.0\google-cloud-core-grpc-2.19.0.jar;C:\Users\buyuk\.m2\repository\com\google\api\gax\2.29.0\gax-2.29.0.jar;C:\Users\buyuk\.m2\repository\com\google\api\gax-grpc\2.29.0\gax-grpc-2.29.0.jar;C:\Users\buyuk\.m2\repository\io\grpc\grpc-alts\1.55.1\grpc-alts-1.55.1.jar;C:\Users\buyuk\.m2\repository\io\grpc\grpc-grpclb\1.55.1\grpc-grpclb-1.55.1.jar;C:\Users\buyuk\.m2\repository\org\conscrypt\conscrypt-openjdk-uber\2.5.2\conscrypt-openjdk-uber-2.5.2.jar;C:\Users\buyuk\.m2\repository\io\grpc\grpc-auth\1.55.1\grpc-auth-1.55.1.jar;C:\Users\buyuk\.m2\repository\io\grpc\grpc-protobuf\1.55.1\grpc-protobuf-1.55.1.jar;C:\Users\buyuk\.m2\repository\io\grpc\grpc-protobuf-lite\1.55.1\grpc-protobuf-lite-1.55.1.jar;C:\Users\buyuk\.m2\repository\io\grpc\grpc-context\1.55.1\grpc-context-1.55.1.jar;C:\Users\buyuk\.m2\repository\com\google\api\grpc\proto-google-iam-v1\1.15.0\proto-google-iam-v1-1.15.0.jar;C:\Users\buyuk\.m2\repository\com\google\protobuf\protobuf-java-util\3.23.2\protobuf-java-util-3.23.2.jar;C:\Users\buyuk\.m2\repository\com\google\api\grpc\proto-google-common-protos\2.20.0\proto-google-common-protos-2.20.0.jar;C:\Users\buyuk\.m2\repository\org\threeten\threetenbp\1.6.8\threetenbp-1.6.8.jar;C:\Users\buyuk\.m2\repository\com\google\api\grpc\proto-google-cloud-storage-v2\2.22.4-alpha\proto-google-cloud-storage-v2-2.22.4-alpha.jar;C:\Users\buyuk\.m2\repository\com\google\api\grpc\grpc-google-cloud-storage-v2\2.22.4-alpha\grpc-google-cloud-storage-v2-2.22.4-alpha.jar;C:\Users\buyuk\.m2\repository\com\google\api\grpc\gapic-google-cloud-storage-v2\2.22.4-alpha\gapic-google-cloud-storage-v2-2.22.4-alpha.jar;C:\Users\buyuk\.m2\repository\com\fasterxml\jackson\core\jackson-core\2.15.2\jackson-core-2.15.2.jar;C:\Users\buyuk\.m2\repository\io\grpc\grpc-api\1.55.1\grpc-api-1.55.1.jar;C:\Users\buyuk\.m2\repository\io\grpc\grpc-netty-shaded\1.55.1\grpc-netty-shaded-1.55.1.jar;C:\Users\buyuk\.m2\repository\io\perfmark\perfmark-api\0.26.0\perfmark-api-0.26.0.jar;C:\Users\buyuk\.m2\repository\io\grpc\grpc-core\1.55.1\grpc-core-1.55.1.jar;C:\Users\buyuk\.m2\repository\com\google\android\annotations\4.1.1.4\annotations-4.1.1.4.jar;C:\Users\buyuk\.m2\repository\org\codehaus\mojo\animal-sniffer-annotations\1.23\animal-sniffer-annotations-1.23.jar;C:\Users\buyuk\.m2\repository\io\grpc\grpc-stub\1.55.1\grpc-stub-1.55.1.jar;C:\Users\buyuk\.m2\repository\io\grpc\grpc-googleapis\1.55.1\grpc-googleapis-1.55.1.jar;C:\Users\buyuk\.m2\repository\org\checkerframework\checker-qual\3.32.0\checker-qual-3.32.0.jar;C:\Users\buyuk\.m2\repository\io\grpc\grpc-xds\1.55.1\grpc-xds-1.55.1.jar;C:\Users\buyuk\.m2\repository\io\opencensus\opencensus-proto\0.2.0\opencensus-proto-0.2.0.jar;C:\Users\buyuk\.m2\repository\io\grpc\grpc-services\1.55.1\grpc-services-1.55.1.jar;C:\Users\buyuk\.m2\repository\com\google\re2j\re2j\1.6\re2j-1.6.jar;C:\Users\buyuk\.m2\repository\io\grpc\grpc-rls\1.55.1\grpc-rls-1.55.1.jar;C:\Users\buyuk\.m2\repository\com\google\cloud\google-cloud-firestore\3.13.0\google-cloud-firestore-3.13.0.jar;C:\Users\buyuk\.m2\repository\commons-logging\commons-logging\1.2\commons-logging-1.2.jar;C:\Users\buyuk\.m2\repository\com\google\api\grpc\proto-google-cloud-firestore-v1\3.13.0\proto-google-cloud-firestore-v1-3.13.0.jar;C:\Users\buyuk\.m2\repository\com\google\cloud\proto-google-cloud-firestore-bundle-v1\3.13.0\proto-google-cloud-firestore-bundle-v1-3.13.0.jar;C:\Users\buyuk\.m2\repository\io\opencensus\opencensus-contrib-grpc-util\0.31.1\opencensus-contrib-grpc-util-0.31.1.jar;C:\Users\buyuk\.m2\repository\com\google\guava\guava\31.1-jre\guava-31.1-jre.jar;C:\Users\buyuk\.m2\repository\org\slf4j\slf4j-api\2.0.7\slf4j-api-2.0.7.jar;C:\Users\buyuk\.m2\repository\io\netty\netty-codec-http\4.1.94.Final\netty-codec-http-4.1.94.Final.jar;C:\Users\buyuk\.m2\repository\io\netty\netty-common\4.1.94.Final\netty-common-4.1.94.Final.jar;C:\Users\buyuk\.m2\repository\io\netty\netty-buffer\4.1.94.Final\netty-buffer-4.1.94.Final.jar;C:\Users\buyuk\.m2\repository\io\netty\netty-codec\4.1.94.Final\netty-codec-4.1.94.Final.jar;C:\Users\buyuk\.m2\repository\io\netty\netty-handler\4.1.94.Final\netty-handler-4.1.94.Final.jar;C:\Users\buyuk\.m2\repository\io\netty\netty-resolver\4.1.94.Final\netty-resolver-4.1.94.Final.jar;C:\Users\buyuk\.m2\repository\io\netty\netty-transport-native-unix-common\4.1.94.Final\netty-transport-native-unix-common-4.1.94.Final.jar;C:\Users\buyuk\.m2\repository\io\netty\netty-transport\4.1.94.Final\netty-transport-4.1.94.Final.jar;C:\Users\buyuk\.m2\repository\org\mapstruct\mapstruct\1.5.2.Final\mapstruct-1.5.2.Final.jar;C:\Users\buyuk\.m2\repository\org\springframework\boot\spring-boot-starter-validation\3.1.2\spring-boot-starter-validation-3.1.2.jar;C:\Users\buyuk\.m2\repository\org\apache\tomcat\embed\tomcat-embed-el\10.1.11\tomcat-embed-el-10.1.11.jar;C:\Users\buyuk\.m2\repository\org\hibernate\validator\hibernate-validator\8.0.1.Final\hibernate-validator-8.0.1.Final.jar;C:\Users\buyuk\.m2\repository\jakarta\validation\jakarta.validation-api\3.0.2\jakarta.validation-api-3.0.2.jar;"/>
    <property name="java.vm.vendor" value="Oracle Corporation"/>
    <property name="sun.arch.data.model" value="64"/>
    <property name="user.variant" value=""/>
    <property name="java.vendor.url" value="https://java.oracle.com/"/>
    <property name="user.timezone" value="Europe/Istanbul"/>
    <property name="org.jboss.logging.provider" value="slf4j"/>
    <property name="os.name" value="Windows 11"/>
    <property name="java.vm.specification.version" value="20"/>
    <property name="sun.java.launcher" value="SUN_STANDARD"/>
    <property name="user.country" value="TR"/>
    <property name="sun.boot.library.path" value="C:\Program Files\Java\jdk-20\bin"/>
    <property name="sun.java.command" value="C:\Users\buyuk\AppData\Local\Temp\surefire14510752256499065587\surefirebooter-20230829173717117_3.jar C:\Users\buyuk\AppData\Local\Temp\surefire14510752256499065587 2023-08-29T17-37-16_914-jvmRun1 surefire-20230829173717117_1tmp surefire_0-20230829173717117_2tmp"/>
    <property name="jdk.debug" value="release"/>
    <property name="surefire.test.class.path" value="C:\Users\buyuk\OneDrive\Belgeler\GitHub\Easy-Back-End\target\test-classes;C:\Users\buyuk\OneDrive\Belgeler\GitHub\Easy-Back-End\target\classes;C:\Users\buyuk\.m2\repository\org\springframework\boot\spring-boot-devtools\3.1.2\spring-boot-devtools-3.1.2.jar;C:\Users\buyuk\.m2\repository\org\springframework\boot\spring-boot\3.1.2\spring-boot-3.1.2.jar;C:\Users\buyuk\.m2\repository\org\springframework\spring-context\6.0.11\spring-context-6.0.11.jar;C:\Users\buyuk\.m2\repository\org\springframework\boot\spring-boot-autoconfigure\3.1.2\spring-boot-autoconfigure-3.1.2.jar;C:\Users\buyuk\.m2\repository\org\springframework\boot\spring-boot-starter-data-jpa\3.1.2\spring-boot-starter-data-jpa-3.1.2.jar;C:\Users\buyuk\.m2\repository\org\springframework\boot\spring-boot-starter-aop\3.1.2\spring-boot-starter-aop-3.1.2.jar;C:\Users\buyuk\.m2\repository\org\springframework\spring-aop\6.0.11\spring-aop-6.0.11.jar;C:\Users\buyuk\.m2\repository\org\aspectj\aspectjweaver\1.9.19\aspectjweaver-1.9.19.jar;C:\Users\buyuk\.m2\repository\org\springframework\boot\spring-boot-starter-jdbc\3.1.2\spring-boot-starter-jdbc-3.1.2.jar;C:\Users\buyuk\.m2\repository\com\zaxxer\HikariCP\5.0.1\HikariCP-5.0.1.jar;C:\Users\buyuk\.m2\repository\org\springframework\spring-jdbc\6.0.11\spring-jdbc-6.0.11.jar;C:\Users\buyuk\.m2\repository\org\hibernate\orm\hibernate-core\6.2.6.Final\hibernate-core-6.2.6.Final.jar;C:\Users\buyuk\.m2\repository\jakarta\persistence\jakarta.persistence-api\3.1.0\jakarta.persistence-api-3.1.0.jar;C:\Users\buyuk\.m2\repository\jakarta\transaction\jakarta.transaction-api\2.0.1\jakarta.transaction-api-2.0.1.jar;C:\Users\buyuk\.m2\repository\org\jboss\logging\jboss-logging\3.5.3.Final\jboss-logging-3.5.3.Final.jar;C:\Users\buyuk\.m2\repository\org\hibernate\common\hibernate-commons-annotations\6.0.6.Final\hibernate-commons-annotations-6.0.6.Final.jar;C:\Users\buyuk\.m2\repository\io\smallrye\jandex\3.0.5\jandex-3.0.5.jar;C:\Users\buyuk\.m2\repository\com\fasterxml\classmate\1.5.1\classmate-1.5.1.jar;C:\Users\buyuk\.m2\repository\net\bytebuddy\byte-buddy\1.14.5\byte-buddy-1.14.5.jar;C:\Users\buyuk\.m2\repository\org\glassfish\jaxb\jaxb-runtime\4.0.3\jaxb-runtime-4.0.3.jar;C:\Users\buyuk\.m2\repository\org\glassfish\jaxb\jaxb-core\4.0.3\jaxb-core-4.0.3.jar;C:\Users\buyuk\.m2\repository\org\eclipse\angus\angus-activation\2.0.1\angus-activation-2.0.1.jar;C:\Users\buyuk\.m2\repository\org\glassfish\jaxb\txw2\4.0.3\txw2-4.0.3.jar;C:\Users\buyuk\.m2\repository\com\sun\istack\istack-commons-runtime\4.1.2\istack-commons-runtime-4.1.2.jar;C:\Users\buyuk\.m2\repository\jakarta\inject\jakarta.inject-api\2.0.1\jakarta.inject-api-2.0.1.jar;C:\Users\buyuk\.m2\repository\org\antlr\antlr4-runtime\4.10.1\antlr4-runtime-4.10.1.jar;C:\Users\buyuk\.m2\repository\org\springframework\data\spring-data-jpa\3.1.2\spring-data-jpa-3.1.2.jar;C:\Users\buyuk\.m2\repository\org\springframework\data\spring-data-commons\3.1.2\spring-data-commons-3.1.2.jar;C:\Users\buyuk\.m2\repository\org\springframework\spring-orm\6.0.11\spring-orm-6.0.11.jar;C:\Users\buyuk\.m2\repository\org\springframework\spring-tx\6.0.11\spring-tx-6.0.11.jar;C:\Users\buyuk\.m2\repository\org\springframework\spring-beans\6.0.11\spring-beans-6.0.11.jar;C:\Users\buyuk\.m2\repository\org\springframework\spring-aspects\6.0.11\spring-aspects-6.0.11.jar;C:\Users\buyuk\.m2\repository\org\springframework\boot\spring-boot-starter-web\3.1.2\spring-boot-starter-web-3.1.2.jar;C:\Users\buyuk\.m2\repository\org\springframework\boot\spring-boot-starter-json\3.1.2\spring-boot-starter-json-3.1.2.jar;C:\Users\buyuk\.m2\repository\com\fasterxml\jackson\core\jackson-databind\2.15.2\jackson-databind-2.15.2.jar;C:\Users\buyuk\.m2\repository\com\fasterxml\jackson\core\jackson-annotations\2.15.2\jackson-annotations-2.15.2.jar;C:\Users\buyuk\.m2\repository\com\fasterxml\jackson\datatype\jackson-datatype-jdk8\2.15.2\jackson-datatype-jdk8-2.15.2.jar;C:\Users\buyuk\.m2\repository\com\fasterxml\jackson\datatype\jackson-datatype-jsr310\2.15.2\jackson-datatype-jsr310-2.15.2.jar;C:\Users\buyuk\.m2\repository\com\fasterxml\jackson\module\jackson-module-parameter-names\2.15.2\jackson-module-parameter-names-2.15.2.jar;C:\Users\buyuk\.m2\repository\org\springframework\boot\spring-boot-starter-tomcat\3.1.2\spring-boot-starter-tomcat-3.1.2.jar;C:\Users\buyuk\.m2\repository\org\apache\tomcat\embed\tomcat-embed-core\10.1.11\tomcat-embed-core-10.1.11.jar;C:\Users\buyuk\.m2\repository\org\apache\tomcat\embed\tomcat-embed-websocket\10.1.11\tomcat-embed-websocket-10.1.11.jar;C:\Users\buyuk\.m2\repository\org\springframework\spring-web\6.0.11\spring-web-6.0.11.jar;C:\Users\buyuk\.m2\repository\io\micrometer\micrometer-observation\1.11.2\micrometer-observation-1.11.2.jar;C:\Users\buyuk\.m2\repository\io\micrometer\micrometer-commons\1.11.2\micrometer-commons-1.11.2.jar;C:\Users\buyuk\.m2\repository\org\springframework\spring-webmvc\6.0.11\spring-webmvc-6.0.11.jar;C:\Users\buyuk\.m2\repository\org\springframework\spring-expression\6.0.11\spring-expression-6.0.11.jar;C:\Users\buyuk\.m2\repository\com\h2database\h2\2.1.214\h2-2.1.214.jar;C:\Users\buyuk\.m2\repository\org\springframework\boot\spring-boot-starter\3.1.2\spring-boot-starter-3.1.2.jar;C:\Users\buyuk\.m2\repository\org\springframework\boot\spring-boot-starter-logging\3.1.2\spring-boot-starter-logging-3.1.2.jar;C:\Users\buyuk\.m2\repository\ch\qos\logback\logback-classic\1.4.8\logback-classic-1.4.8.jar;C:\Users\buyuk\.m2\repository\ch\qos\logback\logback-core\1.4.8\logback-core-1.4.8.jar;C:\Users\buyuk\.m2\repository\org\apache\logging\log4j\log4j-to-slf4j\2.20.0\log4j-to-slf4j-2.20.0.jar;C:\Users\buyuk\.m2\repository\org\apache\logging\log4j\log4j-api\2.20.0\log4j-api-2.20.0.jar;C:\Users\buyuk\.m2\repository\org\slf4j\jul-to-slf4j\2.0.7\jul-to-slf4j-2.0.7.jar;C:\Users\buyuk\.m2\repository\jakarta\annotation\jakarta.annotation-api\2.1.1\jakarta.annotation-api-2.1.1.jar;C:\Users\buyuk\.m2\repository\org\springframework\spring-core\6.0.11\spring-core-6.0.11.jar;C:\Users\buyuk\.m2\repository\org\springframework\spring-jcl\6.0.11\spring-jcl-6.0.11.jar;C:\Users\buyuk\.m2\repository\org\yaml\snakeyaml\1.33\snakeyaml-1.33.jar;C:\Users\buyuk\.m2\repository\mysql\mysql-connector-java\8.0.28\mysql-connector-java-8.0.28.jar;C:\Users\buyuk\.m2\repository\com\google\protobuf\protobuf-java\3.11.4\protobuf-java-3.11.4.jar;C:\Users\buyuk\.m2\repository\org\projectlombok\lombok\1.18.28\lombok-1.18.28.jar;C:\Users\buyuk\.m2\repository\org\springframework\boot\spring-boot-starter-test\3.1.2\spring-boot-starter-test-3.1.2.jar;C:\Users\buyuk\.m2\repository\org\springframework\boot\spring-boot-test\3.1.2\spring-boot-test-3.1.2.jar;C:\Users\buyuk\.m2\repository\org\springframework\boot\spring-boot-test-autoconfigure\3.1.2\spring-boot-test-autoconfigure-3.1.2.jar;C:\Users\buyuk\.m2\repository\com\jayway\jsonpath\json-path\2.8.0\json-path-2.8.0.jar;C:\Users\buyuk\.m2\repository\jakarta\xml\bind\jakarta.xml.bind-api\4.0.0\jakarta.xml.bind-api-4.0.0.jar;C:\Users\buyuk\.m2\repository\jakarta\activation\jakarta.activation-api\2.1.2\jakarta.activation-api-2.1.2.jar;C:\Users\buyuk\.m2\repository\net\minidev\json-smart\2.4.11\json-smart-2.4.11.jar;C:\Users\buyuk\.m2\repository\net\minidev\accessors-smart\2.4.11\accessors-smart-2.4.11.jar;C:\Users\buyuk\.m2\repository\org\ow2\asm\asm\9.3\asm-9.3.jar;C:\Users\buyuk\.m2\repository\org\assertj\assertj-core\3.24.2\assertj-core-3.24.2.jar;C:\Users\buyuk\.m2\repository\org\hamcrest\hamcrest\2.2\hamcrest-2.2.jar;C:\Users\buyuk\.m2\repository\org\junit\jupiter\junit-jupiter\5.9.3\junit-jupiter-5.9.3.jar;C:\Users\buyuk\.m2\repository\org\junit\jupiter\junit-jupiter-api\5.9.3\junit-jupiter-api-5.9.3.jar;C:\Users\buyuk\.m2\repository\org\opentest4j\opentest4j\1.2.0\opentest4j-1.2.0.jar;C:\Users\buyuk\.m2\repository\org\junit\platform\junit-platform-commons\1.9.3\junit-platform-commons-1.9.3.jar;C:\Users\buyuk\.m2\repository\org\apiguardian\apiguardian-api\1.1.2\apiguardian-api-1.1.2.jar;C:\Users\buyuk\.m2\repository\org\junit\jupiter\junit-jupiter-params\5.9.3\junit-jupiter-params-5.9.3.jar;C:\Users\buyuk\.m2\repository\org\junit\jupiter\junit-jupiter-engine\5.9.3\junit-jupiter-engine-5.9.3.jar;C:\Users\buyuk\.m2\repository\org\junit\platform\junit-platform-engine\1.9.3\junit-platform-engine-1.9.3.jar;C:\Users\buyuk\.m2\repository\org\mockito\mockito-core\5.3.1\mockito-core-5.3.1.jar;C:\Users\buyuk\.m2\repository\net\bytebuddy\byte-buddy-agent\1.14.5\byte-buddy-agent-1.14.5.jar;C:\Users\buyuk\.m2\repository\org\objenesis\objenesis\3.3\objenesis-3.3.jar;C:\Users\buyuk\.m2\repository\org\mockito\mockito-junit-jupiter\5.3.1\mockito-junit-jupiter-5.3.1.jar;C:\Users\buyuk\.m2\repository\org\skyscreamer\jsonassert\1.5.1\jsonassert-1.5.1.jar;C:\Users\buyuk\.m2\repository\com\vaadin\external\google\android-json\0.0.20131108.vaadin1\android-json-0.0.20131108.vaadin1.jar;C:\Users\buyuk\.m2\repository\org\springframework\spring-test\6.0.11\spring-test-6.0.11.jar;C:\Users\buyuk\.m2\repository\org\xmlunit\xmlunit-core\2.9.1\xmlunit-core-2.9.1.jar;C:\Users\buyuk\.m2\repository\com\google\firebase\firebase-admin\9.2.0\firebase-admin-9.2.0.jar;C:\Users\buyuk\.m2\repository\com\google\api-client\google-api-client\2.2.0\google-api-client-2.2.0.jar;C:\Users\buyuk\.m2\repository\commons-codec\commons-codec\1.15\commons-codec-1.15.jar;C:\Users\buyuk\.m2\repository\com\google\oauth-client\google-oauth-client\1.34.1\google-oauth-client-1.34.1.jar;C:\Users\buyuk\.m2\repository\com\google\http-client\google-http-client-gson\1.42.3\google-http-client-gson-1.42.3.jar;C:\Users\buyuk\.m2\repository\com\google\http-client\google-http-client-apache-v2\1.42.3\google-http-client-apache-v2-1.42.3.jar;C:\Users\buyuk\.m2\repository\org\apache\httpcomponents\httpcore\4.4.16\httpcore-4.4.16.jar;C:\Users\buyuk\.m2\repository\org\apache\httpcomponents\httpclient\4.5.14\httpclient-4.5.14.jar;C:\Users\buyuk\.m2\repository\com\google\api-client\google-api-client-gson\2.2.0\google-api-client-gson-2.2.0.jar;C:\Users\buyuk\.m2\repository\com\google\http-client\google-http-client\1.43.1\google-http-client-1.43.1.jar;C:\Users\buyuk\.m2\repository\com\google\code\findbugs\jsr305\3.0.2\jsr305-3.0.2.jar;C:\Users\buyuk\.m2\repository\com\google\errorprone\error_prone_annotations\2.18.0\error_prone_annotations-2.18.0.jar;C:\Users\buyuk\.m2\repository\com\google\j2objc\j2objc-annotations\1.3\j2objc-annotations-1.3.jar;C:\Users\buyuk\.m2\repository\io\opencensus\opencensus-api\0.31.1\opencensus-api-0.31.1.jar;C:\Users\buyuk\.m2\repository\io\opencensus\opencensus-contrib-http-util\0.31.1\opencensus-contrib-http-util-0.31.1.jar;C:\Users\buyuk\.m2\repository\com\google\api\api-common\2.12.0\api-common-2.12.0.jar;C:\Users\buyuk\.m2\repository\com\google\auto\value\auto-value-annotations\1.10.1\auto-value-annotations-1.10.1.jar;C:\Users\buyuk\.m2\repository\javax\annotation\javax.annotation-api\1.3.2\javax.annotation-api-1.3.2.jar;C:\Users\buyuk\.m2\repository\com\google\auth\google-auth-library-oauth2-http\1.17.0\google-auth-library-oauth2-http-1.17.0.jar;C:\Users\buyuk\.m2\repository\com\google\auth\google-auth-library-credentials\1.17.0\google-auth-library-credentials-1.17.0.jar;C:\Users\buyuk\.m2\repository\com\google\cloud\google-cloud-storage\2.22.4\google-cloud-storage-2.22.4.jar;C:\Users\buyuk\.m2\repository\com\google\guava\failureaccess\1.0.1\failureaccess-1.0.1.jar;C:\Users\buyuk\.m2\repository\com\google\guava\listenablefuture\9999.0-empty-to-avoid-conflict-with-guava\listenablefuture-9999.0-empty-to-avoid-conflict-with-guava.jar;C:\Users\buyuk\.m2\repository\com\google\http-client\google-http-client-jackson2\1.43.1\google-http-client-jackson2-1.43.1.jar;C:\Users\buyuk\.m2\repository\com\google\apis\google-api-services-storage\v1-rev20230301-2.0.0\google-api-services-storage-v1-rev20230301-2.0.0.jar;C:\Users\buyuk\.m2\repository\com\google\code\gson\gson\2.10.1\gson-2.10.1.jar;C:\Users\buyuk\.m2\repository\com\google\cloud\google-cloud-core\2.19.0\google-cloud-core-2.19.0.jar;C:\Users\buyuk\.m2\repository\com\google\cloud\google-cloud-core-http\2.19.0\google-cloud-core-http-2.19.0.jar;C:\Users\buyuk\.m2\repository\com\google\http-client\google-http-client-appengine\1.43.1\google-http-client-appengine-1.43.1.jar;C:\Users\buyuk\.m2\repository\com\google\api\gax-httpjson\0.114.0\gax-httpjson-0.114.0.jar;C:\Users\buyuk\.m2\repository\com\google\cloud\google-cloud-core-grpc\2.19.0\google-cloud-core-grpc-2.19.0.jar;C:\Users\buyuk\.m2\repository\com\google\api\gax\2.29.0\gax-2.29.0.jar;C:\Users\buyuk\.m2\repository\com\google\api\gax-grpc\2.29.0\gax-grpc-2.29.0.jar;C:\Users\buyuk\.m2\repository\io\grpc\grpc-alts\1.55.1\grpc-alts-1.55.1.jar;C:\Users\buyuk\.m2\repository\io\grpc\grpc-grpclb\1.55.1\grpc-grpclb-1.55.1.jar;C:\Users\buyuk\.m2\repository\org\conscrypt\conscrypt-openjdk-uber\2.5.2\conscrypt-openjdk-uber-2.5.2.jar;C:\Users\buyuk\.m2\repository\io\grpc\grpc-auth\1.55.1\grpc-auth-1.55.1.jar;C:\Users\buyuk\.m2\repository\io\grpc\grpc-protobuf\1.55.1\grpc-protobuf-1.55.1.jar;C:\Users\buyuk\.m2\repository\io\grpc\grpc-protobuf-lite\1.55.1\grpc-protobuf-lite-1.55.1.jar;C:\Users\buyuk\.m2\repository\io\grpc\grpc-context\1.55.1\grpc-context-1.55.1.jar;C:\Users\buyuk\.m2\repository\com\google\api\grpc\proto-google-iam-v1\1.15.0\proto-google-iam-v1-1.15.0.jar;C:\Users\buyuk\.m2\repository\com\google\protobuf\protobuf-java-util\3.23.2\protobuf-java-util-3.23.2.jar;C:\Users\buyuk\.m2\repository\com\google\api\grpc\proto-google-common-protos\2.20.0\proto-google-common-protos-2.20.0.jar;C:\Users\buyuk\.m2\repository\org\threeten\threetenbp\1.6.8\threetenbp-1.6.8.jar;C:\Users\buyuk\.m2\repository\com\google\api\grpc\proto-google-cloud-storage-v2\2.22.4-alpha\proto-google-cloud-storage-v2-2.22.4-alpha.jar;C:\Users\buyuk\.m2\repository\com\google\api\grpc\grpc-google-cloud-storage-v2\2.22.4-alpha\grpc-google-cloud-storage-v2-2.22.4-alpha.jar;C:\Users\buyuk\.m2\repository\com\google\api\grpc\gapic-google-cloud-storage-v2\2.22.4-alpha\gapic-google-cloud-storage-v2-2.22.4-alpha.jar;C:\Users\buyuk\.m2\repository\com\fasterxml\jackson\core\jackson-core\2.15.2\jackson-core-2.15.2.jar;C:\Users\buyuk\.m2\repository\io\grpc\grpc-api\1.55.1\grpc-api-1.55.1.jar;C:\Users\buyuk\.m2\repository\io\grpc\grpc-netty-shaded\1.55.1\grpc-netty-shaded-1.55.1.jar;C:\Users\buyuk\.m2\repository\io\perfmark\perfmark-api\0.26.0\perfmark-api-0.26.0.jar;C:\Users\buyuk\.m2\repository\io\grpc\grpc-core\1.55.1\grpc-core-1.55.1.jar;C:\Users\buyuk\.m2\repository\com\google\android\annotations\4.1.1.4\annotations-4.1.1.4.jar;C:\Users\buyuk\.m2\repository\org\codehaus\mojo\animal-sniffer-annotations\1.23\animal-sniffer-annotations-1.23.jar;C:\Users\buyuk\.m2\repository\io\grpc\grpc-stub\1.55.1\grpc-stub-1.55.1.jar;C:\Users\buyuk\.m2\repository\io\grpc\grpc-googleapis\1.55.1\grpc-googleapis-1.55.1.jar;C:\Users\buyuk\.m2\repository\org\checkerframework\checker-qual\3.32.0\checker-qual-3.32.0.jar;C:\Users\buyuk\.m2\repository\io\grpc\grpc-xds\1.55.1\grpc-xds-1.55.1.jar;C:\Users\buyuk\.m2\repository\io\opencensus\opencensus-proto\0.2.0\opencensus-proto-0.2.0.jar;C:\Users\buyuk\.m2\repository\io\grpc\grpc-services\1.55.1\grpc-services-1.55.1.jar;C:\Users\buyuk\.m2\repository\com\google\re2j\re2j\1.6\re2j-1.6.jar;C:\Users\buyuk\.m2\repository\io\grpc\grpc-rls\1.55.1\grpc-rls-1.55.1.jar;C:\Users\buyuk\.m2\repository\com\google\cloud\google-cloud-firestore\3.13.0\google-cloud-firestore-3.13.0.jar;C:\Users\buyuk\.m2\repository\commons-logging\commons-logging\1.2\commons-logging-1.2.jar;C:\Users\buyuk\.m2\repository\com\google\api\grpc\proto-google-cloud-firestore-v1\3.13.0\proto-google-cloud-firestore-v1-3.13.0.jar;C:\Users\buyuk\.m2\repository\com\google\cloud\proto-google-cloud-firestore-bundle-v1\3.13.0\proto-google-cloud-firestore-bundle-v1-3.13.0.jar;C:\Users\buyuk\.m2\repository\io\opencensus\opencensus-contrib-grpc-util\0.31.1\opencensus-contrib-grpc-util-0.31.1.jar;C:\Users\buyuk\.m2\repository\com\google\guava\guava\31.1-jre\guava-31.1-jre.jar;C:\Users\buyuk\.m2\repository\org\slf4j\slf4j-api\2.0.7\slf4j-api-2.0.7.jar;C:\Users\buyuk\.m2\repository\io\netty\netty-codec-http\4.1.94.Final\netty-codec-http-4.1.94.Final.jar;C:\Users\buyuk\.m2\repository\io\netty\netty-common\4.1.94.Final\netty-common-4.1.94.Final.jar;C:\Users\buyuk\.m2\repository\io\netty\netty-buffer\4.1.94.Final\netty-buffer-4.1.94.Final.jar;C:\Users\buyuk\.m2\repository\io\netty\netty-codec\4.1.94.Final\netty-codec-4.1.94.Final.jar;C:\Users\buyuk\.m2\repository\io\netty\netty-handler\4.1.94.Final\netty-handler-4.1.94.Final.jar;C:\Users\buyuk\.m2\repository\io\netty\netty-resolver\4.1.94.Final\netty-resolver-4.1.94.Final.jar;C:\Users\buyuk\.m2\repository\io\netty\netty-transport-native-unix-common\4.1.94.Final\netty-transport-native-unix-common-4.1.94.Final.jar;C:\Users\buyuk\.m2\repository\io\netty\netty-transport\4.1.94.Final\netty-transport-4.1.94.Final.jar;C:\Users\buyuk\.m2\repository\org\mapstruct\mapstruct\1.5.2.Final\mapstruct-1.5.2.Final.jar;C:\Users\buyuk\.m2\repository\org\springframework\boot\spring-boot-starter-validation\3.1.2\spring-boot-starter-validation-3.1.2.jar;C:\Users\buyuk\.m2\repository\org\apache\tomcat\embed\tomcat-embed-el\10.1.11\tomcat-embed-el-10.1.11.jar;C:\Users\buyuk\.m2\repository\org\hibernate\validator\hibernate-validator\8.0.1.Final\hibernate-validator-8.0.1.Final.jar;C:\Users\buyuk\.m2\repository\jakarta\validation\jakarta.validation-api\3.0.2\jakarta.validation-api-3.0.2.jar;"/>
    <property name="sun.cpu.endian" value="little"/>
    <property name="user.home" value="C:\Users\buyuk"/>
    <property name="user.language" value="tr"/>
    <property name="java.specification.vendor" value="Oracle Corporation"/>
    <property name="java.version.date" value="2023-07-18"/>
    <property name="java.home" value="C:\Program Files\Java\jdk-20"/>
    <property name="file.separator" value="\"/>
    <property name="basedir" value="C:\Users\buyuk\OneDrive\Belgeler\GitHub\Easy-Back-End"/>
    <property name="java.vm.compressedOopsMode" value="Zero based"/>
    <property name="line.separator" value="&#10;"/>
    <property name="java.vm.specification.vendor" value="Oracle Corporation"/>
    <property name="java.specification.name" value="Java Platform API Specification"/>
    <property name="FILE_LOG_CHARSET" value="UTF-8"/>
    <property name="java.awt.headless" value="true"/>
    <property name="surefire.real.class.path" value="C:\Users\buyuk\AppData\Local\Temp\surefire14510752256499065587\surefirebooter-20230829173717117_3.jar"/>
    <property name="user.script" value=""/>
    <property name="sun.management.compiler" value="HotSpot 64-Bit Tiered Compilers"/>
    <property name="java.runtime.version" value="20.0.2+9-78"/>
    <property name="user.name" value="buyuk"/>
    <property name="stdout.encoding" value="Cp1254"/>
    <property name="path.separator" value=";"/>
    <property name="os.version" value="10.0"/>
    <property name="java.runtime.name" value="Java(TM) SE Runtime Environment"/>
    <property name="file.encoding" value="UTF-8"/>
    <property name="java.vm.name" value="Java HotSpot(TM) 64-Bit Server VM"/>
    <property name="localRepository" value="C:\Users\buyuk\.m2\repository"/>
    <property name="java.vendor.url.bug" value="https://bugreport.java.com/bugreport/"/>
    <property name="java.io.tmpdir" value="C:\Users\buyuk\AppData\Local\Temp\"/>
    <property name="idea.version" value="2023.2.1"/>
    <property name="com.zaxxer.hikari.pool_number" value="1"/>
    <property name="java.version" value="20.0.2"/>
    <property name="user.dir" value="C:\Users\buyuk\OneDrive\Belgeler\GitHub\Easy-Back-End"/>
    <property name="os.arch" value="amd64"/>
    <property name="java.vm.specification.name" value="Java Virtual Machine Specification"/>
    <property name="PID" value="18224"/>
    <property name="sun.os.patch.level" value=""/>
    <property name="CONSOLE_LOG_CHARSET" value="UTF-8"/>
    <property name="native.encoding" value="Cp1254"/>
    <property name="java.library.path" value="C:\Program Files\Java\jdk-20\bin;C:\WINDOWS\Sun\Java\bin;C:\WINDOWS\system32;C:\WINDOWS;C:\Program Files\Common Files\Oracle\Java\javapath;C:\Windows\system32;C:\Windows;C:\Windows\System32\Wbem;C:\Windows\System32\WindowsPowerShell\v1.0\;C:\Windows\System32\OpenSSH\;C:\Program Files\NVIDIA Corporation\NVIDIA NvDLISR;C:\Program Files (x86)\NVIDIA Corporation\PhysX\Common;C:\WINDOWS\system32;C:\WINDOWS;C:\WINDOWS\System32\Wbem;C:\WINDOWS\System32\WindowsPowerShell\v1.0\;C:\WINDOWS\System32\OpenSSH\;C:\Program Files\Git\cmd;C:\Program Files\Docker\Docker\resources\bin;C:\Program Files\MySQL\MySQL Shell 8.0\bin\;C:\Users\buyuk\AppData\Local\Microsoft\WindowsApps;C:\Users\buyuk\AppData\Local\GitHubDesktop\bin;C:\Users\buyuk\AppData\Local\Programs\Microsoft VS Code\bin;C:\Program Files\Java\jdk-11\bin;;."/>
    <property name="java.vm.info" value="mixed mode, sharing"/>
    <property name="stderr.encoding" value="Cp1254"/>
    <property name="java.vendor" value="Oracle Corporation"/>
    <property name="java.vm.version" value="20.0.2+9-78"/>
    <property name="sun.io.unicode.encoding" value="UnicodeLittle"/>
    <property name="java.class.version" value="64.0"/>
  </properties>
  <testcase name="bootstrap" classname="com.example.Easy.Services.NewsServiceTest" time="0.226">
    <system-out><![CDATA[2023-08-29T17:37:26.487+03:00  INFO 18224 --- [           main] t.c.s.AnnotationConfigContextLoaderUtils : Could not detect default configuration classes for test class [com.example.Easy.Services.NewsServiceTest]: NewsServiceTest does not declare any static, non-private, non-final, nested classes annotated with @Configuration.
2023-08-29T17:37:26.489+03:00  INFO 18224 --- [           main] .b.t.c.SpringBootTestContextBootstrapper : Found @SpringBootConfiguration com.example.Easy.EasyApplication for test class com.example.Easy.Services.NewsServiceTest
]]></system-out>
  </testcase>
  <testcase name="getByNewsId" classname="com.example.Easy.Services.NewsServiceTest" time="0.109">
    <system-out><![CDATA[NewsDTO(newsUUID=01ace8e6-b8dc-4bcb-8309-46a855477e48, title=test9, text=bootstrap9, image=https://www.google.com/search?q=machine+learning&sca_esv=559361602&tbm=isch&source=lnms&sa=X&ved=2ahUKEwiC5--r-PKAAxVSYPEDHVsTCq4Q_AUoAnoECAIQBA&biw=1728&bih=931&dpr=2#imgrc=MljwM1234Xl_pM, author=com.example.Easy.Entities.UserEntity@1ca876b7, creationTime=2023-08-29T13:17:11.914585, category=null, comments=[])
]]></system-out>
  </testcase>
  <testcase name="getByAuthorId" classname="com.example.Easy.Services.NewsServiceTest" time="0.003"/>
  <testcase name="postTest" classname="com.example.Easy.Services.NewsServiceTest" time="0.145"/>
  <testcase name="getByCategoryTest" classname="com.example.Easy.Services.NewsServiceTest" time="0.071">
    <system-out><![CDATA[[NewsDTO(newsUUID=288e7a95-36b7-4059-aa98-bf966755f0ed, title=test4, text=Quisque egestas vulputate enim, non pharetra orci pulvinar vitae. Mauris nibh justo, laoreet eget porttitor a, blandit vel justo., image=https://media.geeksforgeeks.org/wp-content/cdn-uploads/20221222184908/web-development1.png, author=com.example.Easy.Entities.UserEntity@19cb3f, creationTime=2000-05-10T15:48, category=cat2, comments=[]), NewsDTO(newsUUID=957701b3-9307-4c26-a3f6-0f027c14e5e8, title=test4, text=Quisque egestas vulputate enim, non pharetra orci pulvinar vitae. Mauris nibh justo, laoreet eget porttitor a, blandit vel justo., image=https://media.geeksforgeeks.org/wp-content/cdn-uploads/20221222184908/web-development1.png, author=com.example.Easy.Entities.UserEntity@19cb3f, creationTime=2000-05-10T15:48, category=cat2, comments=[]), NewsDTO(newsUUID=9f2b14c3-d3ce-41eb-ae85-6cc61a84ac2b, title=test1, text=Lorem ipsum dolor sit amet, consectetur adipiscing elit. Nam eget quam eu massa ultrices scelerisque. Quisque et erat lacinia, cursus tellus et, dignissim est., image=https://miro.medium.com/v2/resize:fit:1358/1*cG6U1qstYDijh9bPL42e-Q.jpeg, author=com.example.Easy.Entities.UserEntity@6bbb3ec8, creationTime=2023-08-29T11:49:30.830980, category=cat2, comments=[]), NewsDTO(newsUUID=a2522585-e570-48ff-8957-9e54834bce8b, title=test4, text=Quisque egestas vulputate enim, non pharetra orci pulvinar vitae. Mauris nibh justo, laoreet eget porttitor a, blandit vel justo., image=https://media.geeksforgeeks.org/wp-content/cdn-uploads/20221222184908/web-development1.png, author=com.example.Easy.Entities.UserEntity@19cb3f, creationTime=2000-05-10T15:48, category=cat2, comments=[]), NewsDTO(newsUUID=a496ba32-aa7d-4727-861e-1ed0ebc1fb89, title=test1, text=Lorem ipsum dolor sit amet, consectetur adipiscing elit. Nam eget quam eu massa ultrices scelerisque. Quisque et erat lacinia, cursus tellus et, dignissim est., image=https://miro.medium.com/v2/resize:fit:1358/1*cG6U1qstYDijh9bPL42e-Q.jpeg, author=com.example.Easy.Entities.UserEntity@71b38b11, creationTime=2023-08-29T11:46:48.885695, category=cat2, comments=[]), NewsDTO(newsUUID=afef1c1d-fdb6-43ce-9f31-0f90f92d8429, title=test1, text=Lorem ipsum dolor sit amet, consectetur adipiscing elit. Nam eget quam eu massa ultrices scelerisque. Quisque et erat lacinia, cursus tellus et, dignissim est., image=https://miro.medium.com/v2/resize:fit:1358/1*cG6U1qstYDijh9bPL42e-Q.jpeg, author=com.example.Easy.Entities.UserEntity@6bbb3ec8, creationTime=2023-08-29T11:55:54.548660, category=cat2, comments=[]), NewsDTO(newsUUID=c4ae1491-f2c5-4a53-af32-463247674574, title=test1, text=Lorem ipsum dolor sit amet, consectetur adipiscing elit. Nam eget quam eu massa ultrices scelerisque. Quisque et erat lacinia, cursus tellus et, dignissim est., image=https://miro.medium.com/v2/resize:fit:1358/1*cG6U1qstYDijh9bPL42e-Q.jpeg, author=com.example.Easy.Entities.UserEntity@71b38b11, creationTime=2023-08-29T11:44:03.111990, category=cat2, comments=[]), NewsDTO(newsUUID=cbcd045a-d743-4b3e-b5d9-897e2be65e2d, title=test4, text=Quisque egestas vulputate enim, non pharetra orci pulvinar vitae. Mauris nibh justo, laoreet eget porttitor a, blandit vel justo., image=https://media.geeksforgeeks.org/wp-content/cdn-uploads/20221222184908/web-development1.png, author=com.example.Easy.Entities.UserEntity@19cb3f, creationTime=2000-05-10T15:48, category=cat2, comments=[]), NewsDTO(newsUUID=d3d87345-75c3-4e09-a69f-8c1dc8b7ab9d, title=test4, text=Quisque egestas vulputate enim, non pharetra orci pulvinar vitae. Mauris nibh justo, laoreet eget porttitor a, blandit vel justo., image=https://media.geeksforgeeks.org/wp-content/cdn-uploads/20221222184908/web-development1.png, author=com.example.Easy.Entities.UserEntity@19cb3f, creationTime=2000-05-10T15:48, category=cat2, comments=[]), NewsDTO(newsUUID=df6860fc-f60f-4ba1-8ab2-c638747822e6, title=test4, text=Quisque egestas vulputate enim, non pharetra orci pulvinar vitae. Mauris nibh justo, laoreet eget porttitor a, blandit vel justo., image=https://media.geeksforgeeks.org/wp-content/cdn-uploads/20221222184908/web-development1.png, author=com.example.Easy.Entities.UserEntity@19cb3f, creationTime=2000-05-10T15:48, category=cat2, comments=[]), NewsDTO(newsUUID=f97fae10-1913-44cd-b9a1-44733ca3c774, title=test1, text=Lorem ipsum dolor sit amet, consectetur adipiscing elit. Nam eget quam eu massa ultrices scelerisque. Quisque et erat lacinia, cursus tellus et, dignissim est., image=https://miro.medium.com/v2/resize:fit:1358/1*cG6U1qstYDijh9bPL42e-Q.jpeg, author=com.example.Easy.Entities.UserEntity@6bbb3ec8, creationTime=2023-08-29T13:17:11.754533, category=cat2, comments=[])]
]]></system-out>
  </testcase>
  <testcase name="getByTitleTest" classname="com.example.Easy.Services.NewsServiceTest" time="0.025">
    <system-out><![CDATA[[NewsDTO(newsUUID=100aedc0-32d9-4035-bcff-2e2646ddff69, title=test2, text=Mauris turpis justo, posuere eu imperdiet eu, porta a risus. Nulla maximus mi nec mi lacinia iaculis. Donec viverra in libero a consectetur., image=https://www.mtu.edu/cs/undergraduate/software/what/images/software-engineering-banner2400.jpg, author=com.example.Easy.Entities.UserEntity@23ac164d, creationTime=1990-05-22T11:11, category=cat5, comments=[]), NewsDTO(newsUUID=302b132f-8e6d-4ad3-9dd9-b822be54ef26, title=test2, text=Mauris turpis justo, posuere eu imperdiet eu, porta a risus. Nulla maximus mi nec mi lacinia iaculis. Donec viverra in libero a consectetur., image=https://www.mtu.edu/cs/undergraduate/software/what/images/software-engineering-banner2400.jpg, author=com.example.Easy.Entities.UserEntity@23ac164d, creationTime=1990-05-22T11:11, category=sub2, comments=[]), NewsDTO(newsUUID=323c5c67-1d3e-4aba-b7aa-8576855ae07e, title=test2, text=Mauris turpis justo, posuere eu imperdiet eu, porta a risus. Nulla maximus mi nec mi lacinia iaculis. Donec viverra in libero a consectetur., image=https://www.mtu.edu/cs/undergraduate/software/what/images/software-engineering-banner2400.jpg, author=com.example.Easy.Entities.UserEntity@23ac164d, creationTime=1990-05-22T11:11, category=cat5, comments=[]), NewsDTO(newsUUID=33ff4f3e-3f58-4a1f-b392-515ededd3e62, title=test2, text=Mauris turpis justo, posuere eu imperdiet eu, porta a risus. Nulla maximus mi nec mi lacinia iaculis. Donec viverra in libero a consectetur., image=https://www.mtu.edu/cs/undergraduate/software/what/images/software-engineering-banner2400.jpg, author=com.example.Easy.Entities.UserEntity@23ac164d, creationTime=1990-05-22T11:11, category=cat5, comments=[]), NewsDTO(newsUUID=352df071-b4bc-4d0c-8885-6bab93622391, title=test2, text=Mauris turpis justo, posuere eu imperdiet eu, porta a risus. Nulla maximus mi nec mi lacinia iaculis. Donec viverra in libero a consectetur., image=https://www.mtu.edu/cs/undergraduate/software/what/images/software-engineering-banner2400.jpg, author=com.example.Easy.Entities.UserEntity@63a6dffd, creationTime=1990-05-22T11:11, category=sub2, comments=[]), NewsDTO(newsUUID=68b59a93-ecc0-4f32-acc6-23da803d9bfb, title=test2, text=Mauris turpis justo, posuere eu imperdiet eu, porta a risus. Nulla maximus mi nec mi lacinia iaculis. Donec viverra in libero a consectetur., image=https://www.mtu.edu/cs/undergraduate/software/what/images/software-engineering-banner2400.jpg, author=com.example.Easy.Entities.UserEntity@23ac164d, creationTime=1990-05-22T11:11, category=cat5, comments=[]), NewsDTO(newsUUID=6d77db61-de22-407f-b46c-93b66dabbbdb, title=test2, text=Mauris turpis justo, posuere eu imperdiet eu, porta a risus. Nulla maximus mi nec mi lacinia iaculis. Donec viverra in libero a consectetur., image=https://www.mtu.edu/cs/undergraduate/software/what/images/software-engineering-banner2400.jpg, author=com.example.Easy.Entities.UserEntity@63a6dffd, creationTime=1990-05-22T11:11, category=sub2, comments=[]), NewsDTO(newsUUID=ba329d79-5ceb-4f06-b1f3-96662a18db88, title=test2, text=Mauris turpis justo, posuere eu imperdiet eu, porta a risus. Nulla maximus mi nec mi lacinia iaculis. Donec viverra in libero a consectetur., image=https://www.mtu.edu/cs/undergraduate/software/what/images/software-engineering-banner2400.jpg, author=com.example.Easy.Entities.UserEntity@23ac164d, creationTime=1990-05-22T11:11, category=sub2, comments=[]), NewsDTO(newsUUID=bf285f73-26a4-41ee-b161-afa8c33d35d4, title=test2, text=Mauris turpis justo, posuere eu imperdiet eu, porta a risus. Nulla maximus mi nec mi lacinia iaculis. Donec viverra in libero a consectetur., image=https://www.mtu.edu/cs/undergraduate/software/what/images/software-engineering-banner2400.jpg, author=com.example.Easy.Entities.UserEntity@23ac164d, creationTime=1990-05-22T11:11, category=cat5, comments=[]), NewsDTO(newsUUID=cdb6a84d-1d51-442b-a655-c5455578642f, title=test2, text=Mauris turpis justo, posuere eu imperdiet eu, porta a risus. Nulla maximus mi nec mi lacinia iaculis. Donec viverra in libero a consectetur., image=https://www.mtu.edu/cs/undergraduate/software/what/images/software-engineering-banner2400.jpg, author=com.example.Easy.Entities.UserEntity@23ac164d, creationTime=1990-05-22T11:11, category=cat5, comments=[]), NewsDTO(newsUUID=fa145f26-8dad-49d9-9dc9-856036697c86, title=test2, text=Mauris turpis justo, posuere eu imperdiet eu, porta a risus. Nulla maximus mi nec mi lacinia iaculis. Donec viverra in libero a consectetur., image=https://www.mtu.edu/cs/undergraduate/software/what/images/software-engineering-banner2400.jpg, author=com.example.Easy.Entities.UserEntity@23ac164d, creationTime=1990-05-22T11:11, category=sub2, comments=[])]
]]></system-out>
  </testcase>
  <testcase name="listNews" classname="com.example.Easy.Services.NewsServiceTest" time="0.071">
    <system-out><![CDATA[[NewsDTO(newsUUID=01ace8e6-b8dc-4bcb-8309-46a855477e48, title=test9, text=bootstrap9, image=https://www.google.com/search?q=machine+learning&sca_esv=559361602&tbm=isch&source=lnms&sa=X&ved=2ahUKEwiC5--r-PKAAxVSYPEDHVsTCq4Q_AUoAnoECAIQBA&biw=1728&bih=931&dpr=2#imgrc=MljwM1234Xl_pM, author=com.example.Easy.Entities.UserEntity@43e55cfb, creationTime=2023-08-29T13:17:11.914585, category=null, comments=[]), NewsDTO(newsUUID=0dd66752-4a28-4b60-a289-b115096454ca, title=test3, text=vulputate ac egestas mollis, fringilla vel est. Donec sit amet nibh nisi. In ac sem ac dui pretium vulputate eu ac ligula. , image=https://d1m75rqqgidzqn.cloudfront.net/wp-data/2019/09/11134058/What-is-data-science-2.jpg, author=com.example.Easy.Entities.UserEntity@62a07c01, creationTime=1000-08-12T20:10, category=cat5, comments=[]), NewsDTO(newsUUID=0e0d4fed-9b69-4537-acb1-85969faea519, title=test9, text=bootstrap9, image=https://www.google.com/search?q=machine+learning&sca_esv=559361602&tbm=isch&source=lnms&sa=X&ved=2ahUKEwiC5--r-PKAAxVSYPEDHVsTCq4Q_AUoAnoECAIQBA&biw=1728&bih=931&dpr=2#imgrc=MljwM1234Xl_pM, author=com.example.Easy.Entities.UserEntity@62a07c01, creationTime=2023-08-29T13:55:07.655996, category=null, comments=[]), NewsDTO(newsUUID=100aedc0-32d9-4035-bcff-2e2646ddff69, title=test2, text=Mauris turpis justo, posuere eu imperdiet eu, porta a risus. Nulla maximus mi nec mi lacinia iaculis. Donec viverra in libero a consectetur., image=https://www.mtu.edu/cs/undergraduate/software/what/images/software-engineering-banner2400.jpg, author=com.example.Easy.Entities.UserEntity@537979aa, creationTime=1990-05-22T11:11, category=cat5, comments=[]), NewsDTO(newsUUID=12b345ed-f973-4b7d-8658-59aa2eae1638, title=test9, text=bootstrap9, image=https://www.google.com/search?q=machine+learning&sca_esv=559361602&tbm=isch&source=lnms&sa=X&ved=2ahUKEwiC5--r-PKAAxVSYPEDHVsTCq4Q_AUoAnoECAIQBA&biw=1728&bih=931&dpr=2#imgrc=MljwM1234Xl_pM, author=com.example.Easy.Entities.UserEntity@43e55cfb, creationTime=2023-08-29T11:55:54.680032, category=null, comments=[]), NewsDTO(newsUUID=22697381-f10a-46b3-af11-347c6a76faed, title=test3, text=vulputate ac egestas mollis, fringilla vel est. Donec sit amet nibh nisi. In ac sem ac dui pretium vulputate eu ac ligula. , image=https://d1m75rqqgidzqn.cloudfront.net/wp-data/2019/09/11134058/What-is-data-science-2.jpg, author=com.example.Easy.Entities.UserEntity@43e55cfb, creationTime=1000-08-12T20:10, category=sub2, comments=[]), NewsDTO(newsUUID=288e7a95-36b7-4059-aa98-bf966755f0ed, title=test4, text=Quisque egestas vulputate enim, non pharetra orci pulvinar vitae. Mauris nibh justo, laoreet eget porttitor a, blandit vel justo., image=https://media.geeksforgeeks.org/wp-content/cdn-uploads/20221222184908/web-development1.png, author=com.example.Easy.Entities.UserEntity@62a07c01, creationTime=2000-05-10T15:48, category=cat2, comments=[]), NewsDTO(newsUUID=2c3cfd12-3f70-4e36-9554-5c0bb1cfc4c7, title=test9, text=bootstrap9, image=https://www.google.com/search?q=machine+learning&sca_esv=559361602&tbm=isch&source=lnms&sa=X&ved=2ahUKEwiC5--r-PKAAxVSYPEDHVsTCq4Q_AUoAnoECAIQBA&biw=1728&bih=931&dpr=2#imgrc=MljwM1234Xl_pM, author=com.example.Easy.Entities.UserEntity@788cb7b0, creationTime=2023-08-29T11:49:30.997195, category=null, comments=[]), NewsDTO(newsUUID=302b132f-8e6d-4ad3-9dd9-b822be54ef26, title=test2, text=Mauris turpis justo, posuere eu imperdiet eu, porta a risus. Nulla maximus mi nec mi lacinia iaculis. Donec viverra in libero a consectetur., image=https://www.mtu.edu/cs/undergraduate/software/what/images/software-engineering-banner2400.jpg, author=com.example.Easy.Entities.UserEntity@537979aa, creationTime=1990-05-22T11:11, category=sub2, comments=[]), NewsDTO(newsUUID=31ef0995-5d2a-496f-8278-3550ccb58a9d, title=test9, text=bootstrap9, image=https://www.google.com/search?q=machine+learning&sca_esv=559361602&tbm=isch&source=lnms&sa=X&ved=2ahUKEwiC5--r-PKAAxVSYPEDHVsTCq4Q_AUoAnoECAIQBA&biw=1728&bih=931&dpr=2#imgrc=MljwM1234Xl_pM, author=com.example.Easy.Entities.UserEntity@62a07c01, creationTime=2023-08-29T17:37:26.974750, category=null, comments=[]), NewsDTO(newsUUID=323c5c67-1d3e-4aba-b7aa-8576855ae07e, title=test2, text=Mauris turpis justo, posuere eu imperdiet eu, porta a risus. Nulla maximus mi nec mi lacinia iaculis. Donec viverra in libero a consectetur., image=https://www.mtu.edu/cs/undergraduate/software/what/images/software-engineering-banner2400.jpg, author=com.example.Easy.Entities.UserEntity@537979aa, creationTime=1990-05-22T11:11, category=cat5, comments=[]), NewsDTO(newsUUID=33ff4f3e-3f58-4a1f-b392-515ededd3e62, title=test2, text=Mauris turpis justo, posuere eu imperdiet eu, porta a risus. Nulla maximus mi nec mi lacinia iaculis. Donec viverra in libero a consectetur., image=https://www.mtu.edu/cs/undergraduate/software/what/images/software-engineering-banner2400.jpg, author=com.example.Easy.Entities.UserEntity@537979aa, creationTime=1990-05-22T11:11, category=cat5, comments=[]), NewsDTO(newsUUID=352df071-b4bc-4d0c-8885-6bab93622391, title=test2, text=Mauris turpis justo, posuere eu imperdiet eu, porta a risus. Nulla maximus mi nec mi lacinia iaculis. Donec viverra in libero a consectetur., image=https://www.mtu.edu/cs/undergraduate/software/what/images/software-engineering-banner2400.jpg, author=com.example.Easy.Entities.UserEntity@46e77fb7, creationTime=1990-05-22T11:11, category=sub2, comments=[]), NewsDTO(newsUUID=3f326e39-93ab-4bfb-ad25-e1f08a38d54f, title=test4, text=Quisque egestas vulputate enim, non pharetra orci pulvinar vitae. Mauris nibh justo, laoreet eget porttitor a, blandit vel justo., image=https://media.geeksforgeeks.org/wp-content/cdn-uploads/20221222184908/web-development1.png, author=com.example.Easy.Entities.UserEntity@7b59f3aa, creationTime=2000-05-10T15:48, category=cat1, comments=[]), NewsDTO(newsUUID=42b1a19c-e27f-46fc-824c-54685c15a9b6, title=test3, text=vulputate ac egestas mollis, fringilla vel est. Donec sit amet nibh nisi. In ac sem ac dui pretium vulputate eu ac ligula. , image=https://d1m75rqqgidzqn.cloudfront.net/wp-data/2019/09/11134058/What-is-data-science-2.jpg, author=com.example.Easy.Entities.UserEntity@7b59f3aa, creationTime=1000-08-12T20:10, category=sub2, comments=[]), NewsDTO(newsUUID=4476d9af-ad22-43de-b847-adb1e107c029, title=test9, text=bootstrap9, image=https://www.google.com/search?q=machine+learning&sca_esv=559361602&tbm=isch&source=lnms&sa=X&ved=2ahUKEwiC5--r-PKAAxVSYPEDHVsTCq4Q_AUoAnoECAIQBA&biw=1728&bih=931&dpr=2#imgrc=MljwM1234Xl_pM, author=com.example.Easy.Entities.UserEntity@7b59f3aa, creationTime=2023-08-29T11:45:40.911268, category=null, comments=[]), NewsDTO(newsUUID=4b740449-1b9b-4f89-bdca-9a8af7354abb, title=test4, text=Quisque egestas vulputate enim, non pharetra orci pulvinar vitae. Mauris nibh justo, laoreet eget porttitor a, blandit vel justo., image=https://media.geeksforgeeks.org/wp-content/cdn-uploads/20221222184908/web-development1.png, author=com.example.Easy.Entities.UserEntity@788cb7b0, creationTime=2000-05-10T15:48, category=cat1, comments=[]), NewsDTO(newsUUID=58bf28c7-945c-4954-9e0e-b8d5926daf8b, title=test1, text=Lorem ipsum dolor sit amet, consectetur adipiscing elit. Nam eget quam eu massa ultrices scelerisque. Quisque et erat lacinia, cursus tellus et, dignissim est., image=https://miro.medium.com/v2/resize:fit:1358/1*cG6U1qstYDijh9bPL42e-Q.jpeg, author=com.example.Easy.Entities.UserEntity@537979aa, creationTime=2023-08-29T17:37:26.698500, category=cat4, comments=[]), NewsDTO(newsUUID=597d9e2f-7150-4bb3-bf02-665e1b607881, title=test3, text=vulputate ac egestas mollis, fringilla vel est. Donec sit amet nibh nisi. In ac sem ac dui pretium vulputate eu ac ligula. , image=https://d1m75rqqgidzqn.cloudfront.net/wp-data/2019/09/11134058/What-is-data-science-2.jpg, author=com.example.Easy.Entities.UserEntity@7b59f3aa, creationTime=1000-08-12T20:10, category=sub2, comments=[]), NewsDTO(newsUUID=5999f310-1f59-4b10-a35c-a362ab8f3189, title=test4, text=Quisque egestas vulputate enim, non pharetra orci pulvinar vitae. Mauris nibh justo, laoreet eget porttitor a, blandit vel justo., image=https://media.geeksforgeeks.org/wp-content/cdn-uploads/20221222184908/web-development1.png, author=com.example.Easy.Entities.UserEntity@43e55cfb, creationTime=2000-05-10T15:48, category=cat1, comments=[]), NewsDTO(newsUUID=59bd3e43-c0ff-4dad-9bb7-920c4506c567, title=test3, text=vulputate ac egestas mollis, fringilla vel est. Donec sit amet nibh nisi. In ac sem ac dui pretium vulputate eu ac ligula. , image=https://d1m75rqqgidzqn.cloudfront.net/wp-data/2019/09/11134058/What-is-data-science-2.jpg, author=com.example.Easy.Entities.UserEntity@62a07c01, creationTime=1000-08-12T20:10, category=cat5, comments=[]), NewsDTO(newsUUID=5d69f6b0-6088-4af9-b9d1-112d583c6e45, title=test1, text=Lorem ipsum dolor sit amet, consectetur adipiscing elit. Nam eget quam eu massa ultrices scelerisque. Quisque et erat lacinia, cursus tellus et, dignissim est., image=https://miro.medium.com/v2/resize:fit:1358/1*cG6U1qstYDijh9bPL42e-Q.jpeg, author=com.example.Easy.Entities.UserEntity@537979aa, creationTime=2023-08-29T13:55:07.506609, category=cat4, comments=[]), NewsDTO(newsUUID=64c54450-4a41-4b93-a985-da2cac68a6bc, title=test3, text=vulputate ac egestas mollis, fringilla vel est. Donec sit amet nibh nisi. In ac sem ac dui pretium vulputate eu ac ligula. , image=https://d1m75rqqgidzqn.cloudfront.net/wp-data/2019/09/11134058/What-is-data-science-2.jpg, author=com.example.Easy.Entities.UserEntity@43e55cfb, creationTime=1000-08-12T20:10, category=sub2, comments=[]), NewsDTO(newsUUID=68b59a93-ecc0-4f32-acc6-23da803d9bfb, title=test2, text=Mauris turpis justo, posuere eu imperdiet eu, porta a risus. Nulla maximus mi nec mi lacinia iaculis. Donec viverra in libero a consectetur., image=https://www.mtu.edu/cs/undergraduate/software/what/images/software-engineering-banner2400.jpg, author=com.example.Easy.Entities.UserEntity@537979aa, creationTime=1990-05-22T11:11, category=cat5, comments=[]), NewsDTO(newsUUID=6d77db61-de22-407f-b46c-93b66dabbbdb, title=test2, text=Mauris turpis justo, posuere eu imperdiet eu, porta a risus. Nulla maximus mi nec mi lacinia iaculis. Donec viverra in libero a consectetur., image=https://www.mtu.edu/cs/undergraduate/software/what/images/software-engineering-banner2400.jpg, author=com.example.Easy.Entities.UserEntity@46e77fb7, creationTime=1990-05-22T11:11, category=sub2, comments=[]), NewsDTO(newsUUID=7238dfc6-aee2-4610-8bf3-fffcb8105427, title=test9, text=bootstrap9, image=https://www.google.com/search?q=machine+learning&sca_esv=559361602&tbm=isch&source=lnms&sa=X&ved=2ahUKEwiC5--r-PKAAxVSYPEDHVsTCq4Q_AUoAnoECAIQBA&biw=1728&bih=931&dpr=2#imgrc=MljwM1234Xl_pM, author=com.example.Easy.Entities.UserEntity@62a07c01, creationTime=2023-08-29T17:16:47.712696, category=null, comments=[]), NewsDTO(newsUUID=76aade4c-a48c-47cc-a1e3-d240409c46e2, title=test3, text=vulputate ac egestas mollis, fringilla vel est. Donec sit amet nibh nisi. In ac sem ac dui pretium vulputate eu ac ligula. , image=https://d1m75rqqgidzqn.cloudfront.net/wp-data/2019/09/11134058/What-is-data-science-2.jpg, author=com.example.Easy.Entities.UserEntity@788cb7b0, creationTime=1000-08-12T20:10, category=sub2, comments=[]), NewsDTO(newsUUID=856d58bb-5004-40e0-a1fd-d1049e4b37e4, title=test9, text=bootstrap9, image=https://www.google.com/search?q=machine+learning&sca_esv=559361602&tbm=isch&source=lnms&sa=X&ved=2ahUKEwiC5--r-PKAAxVSYPEDHVsTCq4Q_AUoAnoECAIQBA&biw=1728&bih=931&dpr=2#imgrc=MljwM1234Xl_pM, author=com.example.Easy.Entities.UserEntity@7b59f3aa, creationTime=2023-08-29T11:46:48.978037, category=null, comments=[]), NewsDTO(newsUUID=957701b3-9307-4c26-a3f6-0f027c14e5e8, title=test4, text=Quisque egestas vulputate enim, non pharetra orci pulvinar vitae. Mauris nibh justo, laoreet eget porttitor a, blandit vel justo., image=https://media.geeksforgeeks.org/wp-content/cdn-uploads/20221222184908/web-development1.png, author=com.example.Easy.Entities.UserEntity@62a07c01, creationTime=2000-05-10T15:48, category=cat2, comments=[]), NewsDTO(newsUUID=9f2b14c3-d3ce-41eb-ae85-6cc61a84ac2b, title=test1, text=Lorem ipsum dolor sit amet, consectetur adipiscing elit. Nam eget quam eu massa ultrices scelerisque. Quisque et erat lacinia, cursus tellus et, dignissim est., image=https://miro.medium.com/v2/resize:fit:1358/1*cG6U1qstYDijh9bPL42e-Q.jpeg, author=com.example.Easy.Entities.UserEntity@537979aa, creationTime=2023-08-29T11:49:30.830980, category=cat2, comments=[]), NewsDTO(newsUUID=a2522585-e570-48ff-8957-9e54834bce8b, title=test4, text=Quisque egestas vulputate enim, non pharetra orci pulvinar vitae. Mauris nibh justo, laoreet eget porttitor a, blandit vel justo., image=https://media.geeksforgeeks.org/wp-content/cdn-uploads/20221222184908/web-development1.png, author=com.example.Easy.Entities.UserEntity@62a07c01, creationTime=2000-05-10T15:48, category=cat2, comments=[]), NewsDTO(newsUUID=a496ba32-aa7d-4727-861e-1ed0ebc1fb89, title=test1, text=Lorem ipsum dolor sit amet, consectetur adipiscing elit. Nam eget quam eu massa ultrices scelerisque. Quisque et erat lacinia, cursus tellus et, dignissim est., image=https://miro.medium.com/v2/resize:fit:1358/1*cG6U1qstYDijh9bPL42e-Q.jpeg, author=com.example.Easy.Entities.UserEntity@46e77fb7, creationTime=2023-08-29T11:46:48.885695, category=cat2, comments=[]), NewsDTO(newsUUID=ae9f08b3-ed91-4fcf-9bf9-0612f3dfa089, title=test1, text=Lorem ipsum dolor sit amet, consectetur adipiscing elit. Nam eget quam eu massa ultrices scelerisque. Quisque et erat lacinia, cursus tellus et, dignissim est., image=https://miro.medium.com/v2/resize:fit:1358/1*cG6U1qstYDijh9bPL42e-Q.jpeg, author=com.example.Easy.Entities.UserEntity@537979aa, creationTime=2023-08-29T17:33:04.969957, category=cat4, comments=[]), NewsDTO(newsUUID=afef1c1d-fdb6-43ce-9f31-0f90f92d8429, title=test1, text=Lorem ipsum dolor sit amet, consectetur adipiscing elit. Nam eget quam eu massa ultrices scelerisque. Quisque et erat lacinia, cursus tellus et, dignissim est., image=https://miro.medium.com/v2/resize:fit:1358/1*cG6U1qstYDijh9bPL42e-Q.jpeg, author=com.example.Easy.Entities.UserEntity@537979aa, creationTime=2023-08-29T11:55:54.548660, category=cat2, comments=[]), NewsDTO(newsUUID=b211d500-7f67-4228-b12b-1fe7dbc061b3, title=test3, text=vulputate ac egestas mollis, fringilla vel est. Donec sit amet nibh nisi. In ac sem ac dui pretium vulputate eu ac ligula. , image=https://d1m75rqqgidzqn.cloudfront.net/wp-data/2019/09/11134058/What-is-data-science-2.jpg, author=com.example.Easy.Entities.UserEntity@62a07c01, creationTime=1000-08-12T20:10, category=cat5, comments=[]), NewsDTO(newsUUID=b368368f-102e-436b-8be0-7a8aa3503932, title=test1, text=Lorem ipsum dolor sit amet, consectetur adipiscing elit. Nam eget quam eu massa ultrices scelerisque. Quisque et erat lacinia, cursus tellus et, dignissim est., image=https://miro.medium.com/v2/resize:fit:1358/1*cG6U1qstYDijh9bPL42e-Q.jpeg, author=com.example.Easy.Entities.UserEntity@537979aa, creationTime=2023-08-29T15:29:23.848531, category=cat4, comments=[]), NewsDTO(newsUUID=b7d17375-d3f0-4622-9dc6-16852b2478c7, title=test1, text=Lorem ipsum dolor sit amet, consectetur adipiscing elit. Nam eget quam eu massa ultrices scelerisque. Quisque et erat lacinia, cursus tellus et, dignissim est., image=https://miro.medium.com/v2/resize:fit:1358/1*cG6U1qstYDijh9bPL42e-Q.jpeg, author=com.example.Easy.Entities.UserEntity@537979aa, creationTime=2023-08-29T17:16:47.497869, category=cat4, comments=[]), NewsDTO(newsUUID=b885aed5-ca6f-4e9d-adcd-55c66fc4739e, title=test3, text=vulputate ac egestas mollis, fringilla vel est. Donec sit amet nibh nisi. In ac sem ac dui pretium vulputate eu ac ligula. , image=https://d1m75rqqgidzqn.cloudfront.net/wp-data/2019/09/11134058/What-is-data-science-2.jpg, author=com.example.Easy.Entities.UserEntity@62a07c01, creationTime=1000-08-12T20:10, category=cat5, comments=[]), NewsDTO(newsUUID=b9ab787f-12af-4766-9e1e-7b6ad821abcf, title=test9, text=bootstrap9, image=https://www.google.com/search?q=machine+learning&sca_esv=559361602&tbm=isch&source=lnms&sa=X&ved=2ahUKEwiC5--r-PKAAxVSYPEDHVsTCq4Q_AUoAnoECAIQBA&biw=1728&bih=931&dpr=2#imgrc=MljwM1234Xl_pM, author=com.example.Easy.Entities.UserEntity@62a07c01, creationTime=2023-08-29T15:29:24.077978, category=null, comments=[]), NewsDTO(newsUUID=ba329d79-5ceb-4f06-b1f3-96662a18db88, title=test2, text=Mauris turpis justo, posuere eu imperdiet eu, porta a risus. Nulla maximus mi nec mi lacinia iaculis. Donec viverra in libero a consectetur., image=https://www.mtu.edu/cs/undergraduate/software/what/images/software-engineering-banner2400.jpg, author=com.example.Easy.Entities.UserEntity@537979aa, creationTime=1990-05-22T11:11, category=sub2, comments=[]), NewsDTO(newsUUID=bf285f73-26a4-41ee-b161-afa8c33d35d4, title=test2, text=Mauris turpis justo, posuere eu imperdiet eu, porta a risus. Nulla maximus mi nec mi lacinia iaculis. Donec viverra in libero a consectetur., image=https://www.mtu.edu/cs/undergraduate/software/what/images/software-engineering-banner2400.jpg, author=com.example.Easy.Entities.UserEntity@537979aa, creationTime=1990-05-22T11:11, category=cat5, comments=[]), NewsDTO(newsUUID=c4ae1491-f2c5-4a53-af32-463247674574, title=test1, text=Lorem ipsum dolor sit amet, consectetur adipiscing elit. Nam eget quam eu massa ultrices scelerisque. Quisque et erat lacinia, cursus tellus et, dignissim est., image=https://miro.medium.com/v2/resize:fit:1358/1*cG6U1qstYDijh9bPL42e-Q.jpeg, author=com.example.Easy.Entities.UserEntity@46e77fb7, creationTime=2023-08-29T11:44:03.111990, category=cat2, comments=[]), NewsDTO(newsUUID=c9e160b5-8386-435c-9f89-ca7123712a80, title=test9, text=bootstrap9, image=https://www.google.com/search?q=machine+learning&sca_esv=559361602&tbm=isch&source=lnms&sa=X&ved=2ahUKEwiC5--r-PKAAxVSYPEDHVsTCq4Q_AUoAnoECAIQBA&biw=1728&bih=931&dpr=2#imgrc=MljwM1234Xl_pM, author=com.example.Easy.Entities.UserEntity@62a07c01, creationTime=2023-08-29T17:33:05.223628, category=null, comments=[]), NewsDTO(newsUUID=cbcd045a-d743-4b3e-b5d9-897e2be65e2d, title=test4, text=Quisque egestas vulputate enim, non pharetra orci pulvinar vitae. Mauris nibh justo, laoreet eget porttitor a, blandit vel justo., image=https://media.geeksforgeeks.org/wp-content/cdn-uploads/20221222184908/web-development1.png, author=com.example.Easy.Entities.UserEntity@62a07c01, creationTime=2000-05-10T15:48, category=cat2, comments=[]), NewsDTO(newsUUID=cd8a0223-2a34-4a6f-a118-9c3bfd1f7a51, title=test4, text=Quisque egestas vulputate enim, non pharetra orci pulvinar vitae. Mauris nibh justo, laoreet eget porttitor a, blandit vel justo., image=https://media.geeksforgeeks.org/wp-content/cdn-uploads/20221222184908/web-development1.png, author=com.example.Easy.Entities.UserEntity@43e55cfb, creationTime=2000-05-10T15:48, category=cat1, comments=[]), NewsDTO(newsUUID=cdb6a84d-1d51-442b-a655-c5455578642f, title=test2, text=Mauris turpis justo, posuere eu imperdiet eu, porta a risus. Nulla maximus mi nec mi lacinia iaculis. Donec viverra in libero a consectetur., image=https://www.mtu.edu/cs/undergraduate/software/what/images/software-engineering-banner2400.jpg, author=com.example.Easy.Entities.UserEntity@537979aa, creationTime=1990-05-22T11:11, category=cat5, comments=[]), NewsDTO(newsUUID=d3d87345-75c3-4e09-a69f-8c1dc8b7ab9d, title=test4, text=Quisque egestas vulputate enim, non pharetra orci pulvinar vitae. Mauris nibh justo, laoreet eget porttitor a, blandit vel justo., image=https://media.geeksforgeeks.org/wp-content/cdn-uploads/20221222184908/web-development1.png, author=com.example.Easy.Entities.UserEntity@62a07c01, creationTime=2000-05-10T15:48, category=cat2, comments=[]), NewsDTO(newsUUID=df6860fc-f60f-4ba1-8ab2-c638747822e6, title=test4, text=Quisque egestas vulputate enim, non pharetra orci pulvinar vitae. Mauris nibh justo, laoreet eget porttitor a, blandit vel justo., image=https://media.geeksforgeeks.org/wp-content/cdn-uploads/20221222184908/web-development1.png, author=com.example.Easy.Entities.UserEntity@62a07c01, creationTime=2000-05-10T15:48, category=cat2, comments=[]), NewsDTO(newsUUID=e201ae87-9e45-4a31-b46f-06591a2ff4f5, title=test1, text=Lorem ipsum dolor sit amet, consectetur adipiscing elit. Nam eget quam eu massa ultrices scelerisque. Quisque et erat lacinia, cursus tellus et, dignissim est., image=https://miro.medium.com/v2/resize:fit:1358/1*cG6U1qstYDijh9bPL42e-Q.jpeg, author=com.example.Easy.Entities.UserEntity@537979aa, creationTime=2023-08-29T16:27:43.056839, category=cat4, comments=[]), NewsDTO(newsUUID=e351f702-f554-4b2c-9cd8-f3a9da866528, title=test4, text=Quisque egestas vulputate enim, non pharetra orci pulvinar vitae. Mauris nibh justo, laoreet eget porttitor a, blandit vel justo., image=https://media.geeksforgeeks.org/wp-content/cdn-uploads/20221222184908/web-development1.png, author=com.example.Easy.Entities.UserEntity@7b59f3aa, creationTime=2000-05-10T15:48, category=cat1, comments=[]), NewsDTO(newsUUID=e7d226b2-66a5-4b11-af1f-0d91dceab562, title=test9, text=bootstrap9, image=https://www.google.com/search?q=machine+learning&sca_esv=559361602&tbm=isch&source=lnms&sa=X&ved=2ahUKEwiC5--r-PKAAxVSYPEDHVsTCq4Q_AUoAnoECAIQBA&biw=1728&bih=931&dpr=2#imgrc=MljwM1234Xl_pM, author=com.example.Easy.Entities.UserEntity@62a07c01, creationTime=2023-08-29T16:27:43.324618, category=null, comments=[]), NewsDTO(newsUUID=e96cb3bc-8d48-4706-aa15-b62db3517985, title=test3, text=vulputate ac egestas mollis, fringilla vel est. Donec sit amet nibh nisi. In ac sem ac dui pretium vulputate eu ac ligula. , image=https://d1m75rqqgidzqn.cloudfront.net/wp-data/2019/09/11134058/What-is-data-science-2.jpg, author=com.example.Easy.Entities.UserEntity@62a07c01, creationTime=1000-08-12T20:10, category=cat5, comments=[]), NewsDTO(newsUUID=f97fae10-1913-44cd-b9a1-44733ca3c774, title=test1, text=Lorem ipsum dolor sit amet, consectetur adipiscing elit. Nam eget quam eu massa ultrices scelerisque. Quisque et erat lacinia, cursus tellus et, dignissim est., image=https://miro.medium.com/v2/resize:fit:1358/1*cG6U1qstYDijh9bPL42e-Q.jpeg, author=com.example.Easy.Entities.UserEntity@537979aa, creationTime=2023-08-29T13:17:11.754533, category=cat2, comments=[]), NewsDTO(newsUUID=fa145f26-8dad-49d9-9dc9-856036697c86, title=test2, text=Mauris turpis justo, posuere eu imperdiet eu, porta a risus. Nulla maximus mi nec mi lacinia iaculis. Donec viverra in libero a consectetur., image=https://www.mtu.edu/cs/undergraduate/software/what/images/software-engineering-banner2400.jpg, author=com.example.Easy.Entities.UserEntity@537979aa, creationTime=1990-05-22T11:11, category=sub2, comments=[]), NewsDTO(newsUUID=fada7b3b-43c9-49f4-ab9f-400d1f441839, title=test3, text=vulputate ac egestas mollis, fringilla vel est. Donec sit amet nibh nisi. In ac sem ac dui pretium vulputate eu ac ligula. , image=https://d1m75rqqgidzqn.cloudfront.net/wp-data/2019/09/11134058/What-is-data-science-2.jpg, author=com.example.Easy.Entities.UserEntity@62a07c01, creationTime=1000-08-12T20:10, category=cat5, comments=[])]
]]></system-out>
  </testcase>
  <testcase name="deleteById" classname="com.example.Easy.Services.NewsServiceTest" time="0.008"/>
</testsuite>