<?xml version="1.0" encoding="UTF-8"?>
<testsuite xmlns:xsi="http://www.w3.org/2001/XMLSchema-instance" xsi:noNamespaceSchemaLocation="https://maven.apache.org/surefire/maven-surefire-plugin/xsd/surefire-test-report-3.0.xsd" version="3.0" name="com.example.Easy.Services.UserServiceTest" time="0.272" tests="3" errors="0" skipped="0" failures="0">
  <properties>
    <property name="java.specification.version" value="20"/>
    <property name="sun.cpu.isalist" value="amd64"/>
    <property name="sun.jnu.encoding" value="Cp1254"/>
    <property name="java.class.path" value="C:\Users\buyuk\OneDrive\Belgeler\GitHub\Easy-Back-End\target\test-classes;C:\Users\buyuk\OneDrive\Belgeler\GitHub\Easy-Back-End\target\classes;C:\Users\buyuk\.m2\repository\org\springframework\boot\spring-boot-devtools\3.1.2\spring-boot-devtools-3.1.2.jar;C:\Users\buyuk\.m2\repository\org\springframework\boot\spring-boot\3.1.2\spring-boot-3.1.2.jar;C:\Users\buyuk\.m2\repository\org\springframework\spring-context\6.0.11\spring-context-6.0.11.jar;C:\Users\buyuk\.m2\repository\org\springframework\boot\spring-boot-autoconfigure\3.1.2\spring-boot-autoconfigure-3.1.2.jar;C:\Users\buyuk\.m2\repository\org\springframework\boot\spring-boot-starter-data-jpa\3.1.2\spring-boot-starter-data-jpa-3.1.2.jar;C:\Users\buyuk\.m2\repository\org\springframework\boot\spring-boot-starter-aop\3.1.2\spring-boot-starter-aop-3.1.2.jar;C:\Users\buyuk\.m2\repository\org\springframework\spring-aop\6.0.11\spring-aop-6.0.11.jar;C:\Users\buyuk\.m2\repository\org\aspectj\aspectjweaver\1.9.19\aspectjweaver-1.9.19.jar;C:\Users\buyuk\.m2\repository\org\springframework\boot\spring-boot-starter-jdbc\3.1.2\spring-boot-starter-jdbc-3.1.2.jar;C:\Users\buyuk\.m2\repository\com\zaxxer\HikariCP\5.0.1\HikariCP-5.0.1.jar;C:\Users\buyuk\.m2\repository\org\springframework\spring-jdbc\6.0.11\spring-jdbc-6.0.11.jar;C:\Users\buyuk\.m2\repository\org\hibernate\orm\hibernate-core\6.2.6.Final\hibernate-core-6.2.6.Final.jar;C:\Users\buyuk\.m2\repository\jakarta\persistence\jakarta.persistence-api\3.1.0\jakarta.persistence-api-3.1.0.jar;C:\Users\buyuk\.m2\repository\jakarta\transaction\jakarta.transaction-api\2.0.1\jakarta.transaction-api-2.0.1.jar;C:\Users\buyuk\.m2\repository\org\jboss\logging\jboss-logging\3.5.3.Final\jboss-logging-3.5.3.Final.jar;C:\Users\buyuk\.m2\repository\org\hibernate\common\hibernate-commons-annotations\6.0.6.Final\hibernate-commons-annotations-6.0.6.Final.jar;C:\Users\buyuk\.m2\repository\io\smallrye\jandex\3.0.5\jandex-3.0.5.jar;C:\Users\buyuk\.m2\repository\com\fasterxml\classmate\1.5.1\classmate-1.5.1.jar;C:\Users\buyuk\.m2\repository\net\bytebuddy\byte-buddy\1.14.5\byte-buddy-1.14.5.jar;C:\Users\buyuk\.m2\repository\org\glassfish\jaxb\jaxb-runtime\4.0.3\jaxb-runtime-4.0.3.jar;C:\Users\buyuk\.m2\repository\org\glassfish\jaxb\jaxb-core\4.0.3\jaxb-core-4.0.3.jar;C:\Users\buyuk\.m2\repository\org\eclipse\angus\angus-activation\2.0.1\angus-activation-2.0.1.jar;C:\Users\buyuk\.m2\repository\org\glassfish\jaxb\txw2\4.0.3\txw2-4.0.3.jar;C:\Users\buyuk\.m2\repository\com\sun\istack\istack-commons-runtime\4.1.2\istack-commons-runtime-4.1.2.jar;C:\Users\buyuk\.m2\repository\jakarta\inject\jakarta.inject-api\2.0.1\jakarta.inject-api-2.0.1.jar;C:\Users\buyuk\.m2\repository\org\antlr\antlr4-runtime\4.10.1\antlr4-runtime-4.10.1.jar;C:\Users\buyuk\.m2\repository\org\springframework\data\spring-data-jpa\3.1.2\spring-data-jpa-3.1.2.jar;C:\Users\buyuk\.m2\repository\org\springframework\data\spring-data-commons\3.1.2\spring-data-commons-3.1.2.jar;C:\Users\buyuk\.m2\repository\org\springframework\spring-orm\6.0.11\spring-orm-6.0.11.jar;C:\Users\buyuk\.m2\repository\org\springframework\spring-tx\6.0.11\spring-tx-6.0.11.jar;C:\Users\buyuk\.m2\repository\org\springframework\spring-beans\6.0.11\spring-beans-6.0.11.jar;C:\Users\buyuk\.m2\repository\org\springframework\spring-aspects\6.0.11\spring-aspects-6.0.11.jar;C:\Users\buyuk\.m2\repository\org\springframework\boot\spring-boot-starter-web\3.1.2\spring-boot-starter-web-3.1.2.jar;C:\Users\buyuk\.m2\repository\org\springframework\boot\spring-boot-starter-json\3.1.2\spring-boot-starter-json-3.1.2.jar;C:\Users\buyuk\.m2\repository\com\fasterxml\jackson\core\jackson-databind\2.15.2\jackson-databind-2.15.2.jar;C:\Users\buyuk\.m2\repository\com\fasterxml\jackson\core\jackson-annotations\2.15.2\jackson-annotations-2.15.2.jar;C:\Users\buyuk\.m2\repository\com\fasterxml\jackson\datatype\jackson-datatype-jdk8\2.15.2\jackson-datatype-jdk8-2.15.2.jar;C:\Users\buyuk\.m2\repository\com\fasterxml\jackson\datatype\jackson-datatype-jsr310\2.15.2\jackson-datatype-jsr310-2.15.2.jar;C:\Users\buyuk\.m2\repository\com\fasterxml\jackson\module\jackson-module-parameter-names\2.15.2\jackson-module-parameter-names-2.15.2.jar;C:\Users\buyuk\.m2\repository\org\springframework\boot\spring-boot-starter-tomcat\3.1.2\spring-boot-starter-tomcat-3.1.2.jar;C:\Users\buyuk\.m2\repository\org\apache\tomcat\embed\tomcat-embed-core\10.1.11\tomcat-embed-core-10.1.11.jar;C:\Users\buyuk\.m2\repository\org\apache\tomcat\embed\tomcat-embed-websocket\10.1.11\tomcat-embed-websocket-10.1.11.jar;C:\Users\buyuk\.m2\repository\org\springframework\spring-web\6.0.11\spring-web-6.0.11.jar;C:\Users\buyuk\.m2\repository\io\micrometer\micrometer-observation\1.11.2\micrometer-observation-1.11.2.jar;C:\Users\buyuk\.m2\repository\io\micrometer\micrometer-commons\1.11.2\micrometer-commons-1.11.2.jar;C:\Users\buyuk\.m2\repository\org\springframework\spring-webmvc\6.0.11\spring-webmvc-6.0.11.jar;C:\Users\buyuk\.m2\repository\org\springframework\spring-expression\6.0.11\spring-expression-6.0.11.jar;C:\Users\buyuk\.m2\repository\com\h2database\h2\2.1.214\h2-2.1.214.jar;C:\Users\buyuk\.m2\repository\org\springframework\boot\spring-boot-starter\3.1.2\spring-boot-starter-3.1.2.jar;C:\Users\buyuk\.m2\repository\org\springframework\boot\spring-boot-starter-logging\3.1.2\spring-boot-starter-logging-3.1.2.jar;C:\Users\buyuk\.m2\repository\ch\qos\logback\logback-classic\1.4.8\logback-classic-1.4.8.jar;C:\Users\buyuk\.m2\repository\ch\qos\logback\logback-core\1.4.8\logback-core-1.4.8.jar;C:\Users\buyuk\.m2\repository\org\apache\logging\log4j\log4j-to-slf4j\2.20.0\log4j-to-slf4j-2.20.0.jar;C:\Users\buyuk\.m2\repository\org\apache\logging\log4j\log4j-api\2.20.0\log4j-api-2.20.0.jar;C:\Users\buyuk\.m2\repository\org\slf4j\jul-to-slf4j\2.0.7\jul-to-slf4j-2.0.7.jar;C:\Users\buyuk\.m2\repository\jakarta\annotation\jakarta.annotation-api\2.1.1\jakarta.annotation-api-2.1.1.jar;C:\Users\buyuk\.m2\repository\org\springframework\spring-core\6.0.11\spring-core-6.0.11.jar;C:\Users\buyuk\.m2\repository\org\springframework\spring-jcl\6.0.11\spring-jcl-6.0.11.jar;C:\Users\buyuk\.m2\repository\org\yaml\snakeyaml\1.33\snakeyaml-1.33.jar;C:\Users\buyuk\.m2\repository\mysql\mysql-connector-java\8.0.28\mysql-connector-java-8.0.28.jar;C:\Users\buyuk\.m2\repository\com\google\protobuf\protobuf-java\3.11.4\protobuf-java-3.11.4.jar;C:\Users\buyuk\.m2\repository\org\projectlombok\lombok\1.18.28\lombok-1.18.28.jar;C:\Users\buyuk\.m2\repository\org\springframework\boot\spring-boot-starter-test\3.1.2\spring-boot-starter-test-3.1.2.jar;C:\Users\buyuk\.m2\repository\org\springframework\boot\spring-boot-test\3.1.2\spring-boot-test-3.1.2.jar;C:\Users\buyuk\.m2\repository\org\springframework\boot\spring-boot-test-autoconfigure\3.1.2\spring-boot-test-autoconfigure-3.1.2.jar;C:\Users\buyuk\.m2\repository\com\jayway\jsonpath\json-path\2.8.0\json-path-2.8.0.jar;C:\Users\buyuk\.m2\repository\jakarta\xml\bind\jakarta.xml.bind-api\4.0.0\jakarta.xml.bind-api-4.0.0.jar;C:\Users\buyuk\.m2\repository\jakarta\activation\jakarta.activation-api\2.1.2\jakarta.activation-api-2.1.2.jar;C:\Users\buyuk\.m2\repository\net\minidev\json-smart\2.4.11\json-smart-2.4.11.jar;C:\Users\buyuk\.m2\repository\net\minidev\accessors-smart\2.4.11\accessors-smart-2.4.11.jar;C:\Users\buyuk\.m2\repository\org\ow2\asm\asm\9.3\asm-9.3.jar;C:\Users\buyuk\.m2\repository\org\assertj\assertj-core\3.24.2\assertj-core-3.24.2.jar;C:\Users\buyuk\.m2\repository\org\hamcrest\hamcrest\2.2\hamcrest-2.2.jar;C:\Users\buyuk\.m2\repository\org\junit\jupiter\junit-jupiter\5.9.3\junit-jupiter-5.9.3.jar;C:\Users\buyuk\.m2\repository\org\junit\jupiter\junit-jupiter-api\5.9.3\junit-jupiter-api-5.9.3.jar;C:\Users\buyuk\.m2\repository\org\opentest4j\opentest4j\1.2.0\opentest4j-1.2.0.jar;C:\Users\buyuk\.m2\repository\org\junit\platform\junit-platform-commons\1.9.3\junit-platform-commons-1.9.3.jar;C:\Users\buyuk\.m2\repository\org\apiguardian\apiguardian-api\1.1.2\apiguardian-api-1.1.2.jar;C:\Users\buyuk\.m2\repository\org\junit\jupiter\junit-jupiter-params\5.9.3\junit-jupiter-params-5.9.3.jar;C:\Users\buyuk\.m2\repository\org\junit\jupiter\junit-jupiter-engine\5.9.3\junit-jupiter-engine-5.9.3.jar;C:\Users\buyuk\.m2\repository\org\junit\platform\junit-platform-engine\1.9.3\junit-platform-engine-1.9.3.jar;C:\Users\buyuk\.m2\repository\org\mockito\mockito-core\5.3.1\mockito-core-5.3.1.jar;C:\Users\buyuk\.m2\repository\net\bytebuddy\byte-buddy-agent\1.14.5\byte-buddy-agent-1.14.5.jar;C:\Users\buyuk\.m2\repository\org\objenesis\objenesis\3.3\objenesis-3.3.jar;C:\Users\buyuk\.m2\repository\org\mockito\mockito-junit-jupiter\5.3.1\mockito-junit-jupiter-5.3.1.jar;C:\Users\buyuk\.m2\repository\org\skyscreamer\jsonassert\1.5.1\jsonassert-1.5.1.jar;C:\Users\buyuk\.m2\repository\com\vaadin\external\google\android-json\0.0.20131108.vaadin1\android-json-0.0.20131108.vaadin1.jar;C:\Users\buyuk\.m2\repository\org\springframework\spring-test\6.0.11\spring-test-6.0.11.jar;C:\Users\buyuk\.m2\repository\org\xmlunit\xmlunit-core\2.9.1\xmlunit-core-2.9.1.jar;C:\Users\buyuk\.m2\repository\com\google\firebase\firebase-admin\9.2.0\firebase-admin-9.2.0.jar;C:\Users\buyuk\.m2\repository\com\google\api-client\google-api-client\2.2.0\google-api-client-2.2.0.jar;C:\Users\buyuk\.m2\repository\commons-codec\commons-codec\1.15\commons-codec-1.15.jar;C:\Users\buyuk\.m2\repository\com\google\oauth-client\google-oauth-client\1.34.1\google-oauth-client-1.34.1.jar;C:\Users\buyuk\.m2\repository\com\google\http-client\google-http-client-gson\1.42.3\google-http-client-gson-1.42.3.jar;C:\Users\buyuk\.m2\repository\com\google\http-client\google-http-client-apache-v2\1.42.3\google-http-client-apache-v2-1.42.3.jar;C:\Users\buyuk\.m2\repository\org\apache\httpcomponents\httpcore\4.4.16\httpcore-4.4.16.jar;C:\Users\buyuk\.m2\repository\org\apache\httpcomponents\httpclient\4.5.14\httpclient-4.5.14.jar;C:\Users\buyuk\.m2\repository\com\google\api-client\google-api-client-gson\2.2.0\google-api-client-gson-2.2.0.jar;C:\Users\buyuk\.m2\repository\com\google\http-client\google-http-client\1.43.1\google-http-client-1.43.1.jar;C:\Users\buyuk\.m2\repository\com\google\code\findbugs\jsr305\3.0.2\jsr305-3.0.2.jar;C:\Users\buyuk\.m2\repository\com\google\errorprone\error_prone_annotations\2.18.0\error_prone_annotations-2.18.0.jar;C:\Users\buyuk\.m2\repository\com\google\j2objc\j2objc-annotations\1.3\j2objc-annotations-1.3.jar;C:\Users\buyuk\.m2\repository\io\opencensus\opencensus-api\0.31.1\opencensus-api-0.31.1.jar;C:\Users\buyuk\.m2\repository\io\opencensus\opencensus-contrib-http-util\0.31.1\opencensus-contrib-http-util-0.31.1.jar;C:\Users\buyuk\.m2\repository\com\google\api\api-common\2.12.0\api-common-2.12.0.jar;C:\Users\buyuk\.m2\repository\com\google\auto\value\auto-value-annotations\1.10.1\auto-value-annotations-1.10.1.jar;C:\Users\buyuk\.m2\repository\javax\annotation\javax.annotation-api\1.3.2\javax.annotation-api-1.3.2.jar;C:\Users\buyuk\.m2\repository\com\google\auth\google-auth-library-oauth2-http\1.17.0\google-auth-library-oauth2-http-1.17.0.jar;C:\Users\buyuk\.m2\repository\com\google\auth\google-auth-library-credentials\1.17.0\google-auth-library-credentials-1.17.0.jar;C:\Users\buyuk\.m2\repository\com\google\cloud\google-cloud-storage\2.22.4\google-cloud-storage-2.22.4.jar;C:\Users\buyuk\.m2\repository\com\google\guava\failureaccess\1.0.1\failureaccess-1.0.1.jar;C:\Users\buyuk\.m2\repository\com\google\guava\listenablefuture\9999.0-empty-to-avoid-conflict-with-guava\listenablefuture-9999.0-empty-to-avoid-conflict-with-guava.jar;C:\Users\buyuk\.m2\repository\com\google\http-client\google-http-client-jackson2\1.43.1\google-http-client-jackson2-1.43.1.jar;C:\Users\buyuk\.m2\repository\com\google\apis\google-api-services-storage\v1-rev20230301-2.0.0\google-api-services-storage-v1-rev20230301-2.0.0.jar;C:\Users\buyuk\.m2\repository\com\google\code\gson\gson\2.10.1\gson-2.10.1.jar;C:\Users\buyuk\.m2\repository\com\google\cloud\google-cloud-core\2.19.0\google-cloud-core-2.19.0.jar;C:\Users\buyuk\.m2\repository\com\google\cloud\google-cloud-core-http\2.19.0\google-cloud-core-http-2.19.0.jar;C:\Users\buyuk\.m2\repository\com\google\http-client\google-http-client-appengine\1.43.1\google-http-client-appengine-1.43.1.jar;C:\Users\buyuk\.m2\repository\com\google\api\gax-httpjson\0.114.0\gax-httpjson-0.114.0.jar;C:\Users\buyuk\.m2\repository\com\google\cloud\google-cloud-core-grpc\2.19.0\google-cloud-core-grpc-2.19.0.jar;C:\Users\buyuk\.m2\repository\com\google\api\gax\2.29.0\gax-2.29.0.jar;C:\Users\buyuk\.m2\repository\com\google\api\gax-grpc\2.29.0\gax-grpc-2.29.0.jar;C:\Users\buyuk\.m2\repository\io\grpc\grpc-alts\1.55.1\grpc-alts-1.55.1.jar;C:\Users\buyuk\.m2\repository\io\grpc\grpc-grpclb\1.55.1\grpc-grpclb-1.55.1.jar;C:\Users\buyuk\.m2\repository\org\conscrypt\conscrypt-openjdk-uber\2.5.2\conscrypt-openjdk-uber-2.5.2.jar;C:\Users\buyuk\.m2\repository\io\grpc\grpc-auth\1.55.1\grpc-auth-1.55.1.jar;C:\Users\buyuk\.m2\repository\io\grpc\grpc-protobuf\1.55.1\grpc-protobuf-1.55.1.jar;C:\Users\buyuk\.m2\repository\io\grpc\grpc-protobuf-lite\1.55.1\grpc-protobuf-lite-1.55.1.jar;C:\Users\buyuk\.m2\repository\io\grpc\grpc-context\1.55.1\grpc-context-1.55.1.jar;C:\Users\buyuk\.m2\repository\com\google\api\grpc\proto-google-iam-v1\1.15.0\proto-google-iam-v1-1.15.0.jar;C:\Users\buyuk\.m2\repository\com\google\protobuf\protobuf-java-util\3.23.2\protobuf-java-util-3.23.2.jar;C:\Users\buyuk\.m2\repository\com\google\api\grpc\proto-google-common-protos\2.20.0\proto-google-common-protos-2.20.0.jar;C:\Users\buyuk\.m2\repository\org\threeten\threetenbp\1.6.8\threetenbp-1.6.8.jar;C:\Users\buyuk\.m2\repository\com\google\api\grpc\proto-google-cloud-storage-v2\2.22.4-alpha\proto-google-cloud-storage-v2-2.22.4-alpha.jar;C:\Users\buyuk\.m2\repository\com\google\api\grpc\grpc-google-cloud-storage-v2\2.22.4-alpha\grpc-google-cloud-storage-v2-2.22.4-alpha.jar;C:\Users\buyuk\.m2\repository\com\google\api\grpc\gapic-google-cloud-storage-v2\2.22.4-alpha\gapic-google-cloud-storage-v2-2.22.4-alpha.jar;C:\Users\buyuk\.m2\repository\com\fasterxml\jackson\core\jackson-core\2.15.2\jackson-core-2.15.2.jar;C:\Users\buyuk\.m2\repository\io\grpc\grpc-api\1.55.1\grpc-api-1.55.1.jar;C:\Users\buyuk\.m2\repository\io\grpc\grpc-netty-shaded\1.55.1\grpc-netty-shaded-1.55.1.jar;C:\Users\buyuk\.m2\repository\io\perfmark\perfmark-api\0.26.0\perfmark-api-0.26.0.jar;C:\Users\buyuk\.m2\repository\io\grpc\grpc-core\1.55.1\grpc-core-1.55.1.jar;C:\Users\buyuk\.m2\repository\com\google\android\annotations\4.1.1.4\annotations-4.1.1.4.jar;C:\Users\buyuk\.m2\repository\org\codehaus\mojo\animal-sniffer-annotations\1.23\animal-sniffer-annotations-1.23.jar;C:\Users\buyuk\.m2\repository\io\grpc\grpc-stub\1.55.1\grpc-stub-1.55.1.jar;C:\Users\buyuk\.m2\repository\io\grpc\grpc-googleapis\1.55.1\grpc-googleapis-1.55.1.jar;C:\Users\buyuk\.m2\repository\org\checkerframework\checker-qual\3.32.0\checker-qual-3.32.0.jar;C:\Users\buyuk\.m2\repository\io\grpc\grpc-xds\1.55.1\grpc-xds-1.55.1.jar;C:\Users\buyuk\.m2\repository\io\opencensus\opencensus-proto\0.2.0\opencensus-proto-0.2.0.jar;C:\Users\buyuk\.m2\repository\io\grpc\grpc-services\1.55.1\grpc-services-1.55.1.jar;C:\Users\buyuk\.m2\repository\com\google\re2j\re2j\1.6\re2j-1.6.jar;C:\Users\buyuk\.m2\repository\io\grpc\grpc-rls\1.55.1\grpc-rls-1.55.1.jar;C:\Users\buyuk\.m2\repository\com\google\cloud\google-cloud-firestore\3.13.0\google-cloud-firestore-3.13.0.jar;C:\Users\buyuk\.m2\repository\commons-logging\commons-logging\1.2\commons-logging-1.2.jar;C:\Users\buyuk\.m2\repository\com\google\api\grpc\proto-google-cloud-firestore-v1\3.13.0\proto-google-cloud-firestore-v1-3.13.0.jar;C:\Users\buyuk\.m2\repository\com\google\cloud\proto-google-cloud-firestore-bundle-v1\3.13.0\proto-google-cloud-firestore-bundle-v1-3.13.0.jar;C:\Users\buyuk\.m2\repository\io\opencensus\opencensus-contrib-grpc-util\0.31.1\opencensus-contrib-grpc-util-0.31.1.jar;C:\Users\buyuk\.m2\repository\com\google\guava\guava\31.1-jre\guava-31.1-jre.jar;C:\Users\buyuk\.m2\repository\org\slf4j\slf4j-api\2.0.7\slf4j-api-2.0.7.jar;C:\Users\buyuk\.m2\repository\io\netty\netty-codec-http\4.1.94.Final\netty-codec-http-4.1.94.Final.jar;C:\Users\buyuk\.m2\repository\io\netty\netty-common\4.1.94.Final\netty-common-4.1.94.Final.jar;C:\Users\buyuk\.m2\repository\io\netty\netty-buffer\4.1.94.Final\netty-buffer-4.1.94.Final.jar;C:\Users\buyuk\.m2\repository\io\netty\netty-codec\4.1.94.Final\netty-codec-4.1.94.Final.jar;C:\Users\buyuk\.m2\repository\io\netty\netty-handler\4.1.94.Final\netty-handler-4.1.94.Final.jar;C:\Users\buyuk\.m2\repository\io\netty\netty-resolver\4.1.94.Final\netty-resolver-4.1.94.Final.jar;C:\Users\buyuk\.m2\repository\io\netty\netty-transport-native-unix-common\4.1.94.Final\netty-transport-native-unix-common-4.1.94.Final.jar;C:\Users\buyuk\.m2\repository\io\netty\netty-transport\4.1.94.Final\netty-transport-4.1.94.Final.jar;C:\Users\buyuk\.m2\repository\org\mapstruct\mapstruct\1.5.2.Final\mapstruct-1.5.2.Final.jar;C:\Users\buyuk\.m2\repository\org\springframework\boot\spring-boot-starter-validation\3.1.2\spring-boot-starter-validation-3.1.2.jar;C:\Users\buyuk\.m2\repository\org\apache\tomcat\embed\tomcat-embed-el\10.1.11\tomcat-embed-el-10.1.11.jar;C:\Users\buyuk\.m2\repository\org\hibernate\validator\hibernate-validator\8.0.1.Final\hibernate-validator-8.0.1.Final.jar;C:\Users\buyuk\.m2\repository\jakarta\validation\jakarta.validation-api\3.0.2\jakarta.validation-api-3.0.2.jar;"/>
    <property name="java.vm.vendor" value="Oracle Corporation"/>
    <property name="sun.arch.data.model" value="64"/>
    <property name="user.variant" value=""/>
    <property name="java.vendor.url" value="https://java.oracle.com/"/>
    <property name="user.timezone" value="Europe/Istanbul"/>
    <property name="org.jboss.logging.provider" value="slf4j"/>
    <property name="os.name" value="Windows 11"/>
    <property name="java.vm.specification.version" value="20"/>
    <property name="sun.java.launcher" value="SUN_STANDARD"/>
    <property name="user.country" value="TR"/>
    <property name="sun.boot.library.path" value="C:\Program Files\Java\jdk-20\bin"/>
    <property name="sun.java.command" value="C:\Users\buyuk\AppData\Local\Temp\surefire14510752256499065587\surefirebooter-20230829173717117_3.jar C:\Users\buyuk\AppData\Local\Temp\surefire14510752256499065587 2023-08-29T17-37-16_914-jvmRun1 surefire-20230829173717117_1tmp surefire_0-20230829173717117_2tmp"/>
    <property name="jdk.debug" value="release"/>
    <property name="surefire.test.class.path" value="C:\Users\buyuk\OneDrive\Belgeler\GitHub\Easy-Back-End\target\test-classes;C:\Users\buyuk\OneDrive\Belgeler\GitHub\Easy-Back-End\target\classes;C:\Users\buyuk\.m2\repository\org\springframework\boot\spring-boot-devtools\3.1.2\spring-boot-devtools-3.1.2.jar;C:\Users\buyuk\.m2\repository\org\springframework\boot\spring-boot\3.1.2\spring-boot-3.1.2.jar;C:\Users\buyuk\.m2\repository\org\springframework\spring-context\6.0.11\spring-context-6.0.11.jar;C:\Users\buyuk\.m2\repository\org\springframework\boot\spring-boot-autoconfigure\3.1.2\spring-boot-autoconfigure-3.1.2.jar;C:\Users\buyuk\.m2\repository\org\springframework\boot\spring-boot-starter-data-jpa\3.1.2\spring-boot-starter-data-jpa-3.1.2.jar;C:\Users\buyuk\.m2\repository\org\springframework\boot\spring-boot-starter-aop\3.1.2\spring-boot-starter-aop-3.1.2.jar;C:\Users\buyuk\.m2\repository\org\springframework\spring-aop\6.0.11\spring-aop-6.0.11.jar;C:\Users\buyuk\.m2\repository\org\aspectj\aspectjweaver\1.9.19\aspectjweaver-1.9.19.jar;C:\Users\buyuk\.m2\repository\org\springframework\boot\spring-boot-starter-jdbc\3.1.2\spring-boot-starter-jdbc-3.1.2.jar;C:\Users\buyuk\.m2\repository\com\zaxxer\HikariCP\5.0.1\HikariCP-5.0.1.jar;C:\Users\buyuk\.m2\repository\org\springframework\spring-jdbc\6.0.11\spring-jdbc-6.0.11.jar;C:\Users\buyuk\.m2\repository\org\hibernate\orm\hibernate-core\6.2.6.Final\hibernate-core-6.2.6.Final.jar;C:\Users\buyuk\.m2\repository\jakarta\persistence\jakarta.persistence-api\3.1.0\jakarta.persistence-api-3.1.0.jar;C:\Users\buyuk\.m2\repository\jakarta\transaction\jakarta.transaction-api\2.0.1\jakarta.transaction-api-2.0.1.jar;C:\Users\buyuk\.m2\repository\org\jboss\logging\jboss-logging\3.5.3.Final\jboss-logging-3.5.3.Final.jar;C:\Users\buyuk\.m2\repository\org\hibernate\common\hibernate-commons-annotations\6.0.6.Final\hibernate-commons-annotations-6.0.6.Final.jar;C:\Users\buyuk\.m2\repository\io\smallrye\jandex\3.0.5\jandex-3.0.5.jar;C:\Users\buyuk\.m2\repository\com\fasterxml\classmate\1.5.1\classmate-1.5.1.jar;C:\Users\buyuk\.m2\repository\net\bytebuddy\byte-buddy\1.14.5\byte-buddy-1.14.5.jar;C:\Users\buyuk\.m2\repository\org\glassfish\jaxb\jaxb-runtime\4.0.3\jaxb-runtime-4.0.3.jar;C:\Users\buyuk\.m2\repository\org\glassfish\jaxb\jaxb-core\4.0.3\jaxb-core-4.0.3.jar;C:\Users\buyuk\.m2\repository\org\eclipse\angus\angus-activation\2.0.1\angus-activation-2.0.1.jar;C:\Users\buyuk\.m2\repository\org\glassfish\jaxb\txw2\4.0.3\txw2-4.0.3.jar;C:\Users\buyuk\.m2\repository\com\sun\istack\istack-commons-runtime\4.1.2\istack-commons-runtime-4.1.2.jar;C:\Users\buyuk\.m2\repository\jakarta\inject\jakarta.inject-api\2.0.1\jakarta.inject-api-2.0.1.jar;C:\Users\buyuk\.m2\repository\org\antlr\antlr4-runtime\4.10.1\antlr4-runtime-4.10.1.jar;C:\Users\buyuk\.m2\repository\org\springframework\data\spring-data-jpa\3.1.2\spring-data-jpa-3.1.2.jar;C:\Users\buyuk\.m2\repository\org\springframework\data\spring-data-commons\3.1.2\spring-data-commons-3.1.2.jar;C:\Users\buyuk\.m2\repository\org\springframework\spring-orm\6.0.11\spring-orm-6.0.11.jar;C:\Users\buyuk\.m2\repository\org\springframework\spring-tx\6.0.11\spring-tx-6.0.11.jar;C:\Users\buyuk\.m2\repository\org\springframework\spring-beans\6.0.11\spring-beans-6.0.11.jar;C:\Users\buyuk\.m2\repository\org\springframework\spring-aspects\6.0.11\spring-aspects-6.0.11.jar;C:\Users\buyuk\.m2\repository\org\springframework\boot\spring-boot-starter-web\3.1.2\spring-boot-starter-web-3.1.2.jar;C:\Users\buyuk\.m2\repository\org\springframework\boot\spring-boot-starter-json\3.1.2\spring-boot-starter-json-3.1.2.jar;C:\Users\buyuk\.m2\repository\com\fasterxml\jackson\core\jackson-databind\2.15.2\jackson-databind-2.15.2.jar;C:\Users\buyuk\.m2\repository\com\fasterxml\jackson\core\jackson-annotations\2.15.2\jackson-annotations-2.15.2.jar;C:\Users\buyuk\.m2\repository\com\fasterxml\jackson\datatype\jackson-datatype-jdk8\2.15.2\jackson-datatype-jdk8-2.15.2.jar;C:\Users\buyuk\.m2\repository\com\fasterxml\jackson\datatype\jackson-datatype-jsr310\2.15.2\jackson-datatype-jsr310-2.15.2.jar;C:\Users\buyuk\.m2\repository\com\fasterxml\jackson\module\jackson-module-parameter-names\2.15.2\jackson-module-parameter-names-2.15.2.jar;C:\Users\buyuk\.m2\repository\org\springframework\boot\spring-boot-starter-tomcat\3.1.2\spring-boot-starter-tomcat-3.1.2.jar;C:\Users\buyuk\.m2\repository\org\apache\tomcat\embed\tomcat-embed-core\10.1.11\tomcat-embed-core-10.1.11.jar;C:\Users\buyuk\.m2\repository\org\apache\tomcat\embed\tomcat-embed-websocket\10.1.11\tomcat-embed-websocket-10.1.11.jar;C:\Users\buyuk\.m2\repository\org\springframework\spring-web\6.0.11\spring-web-6.0.11.jar;C:\Users\buyuk\.m2\repository\io\micrometer\micrometer-observation\1.11.2\micrometer-observation-1.11.2.jar;C:\Users\buyuk\.m2\repository\io\micrometer\micrometer-commons\1.11.2\micrometer-commons-1.11.2.jar;C:\Users\buyuk\.m2\repository\org\springframework\spring-webmvc\6.0.11\spring-webmvc-6.0.11.jar;C:\Users\buyuk\.m2\repository\org\springframework\spring-expression\6.0.11\spring-expression-6.0.11.jar;C:\Users\buyuk\.m2\repository\com\h2database\h2\2.1.214\h2-2.1.214.jar;C:\Users\buyuk\.m2\repository\org\springframework\boot\spring-boot-starter\3.1.2\spring-boot-starter-3.1.2.jar;C:\Users\buyuk\.m2\repository\org\springframework\boot\spring-boot-starter-logging\3.1.2\spring-boot-starter-logging-3.1.2.jar;C:\Users\buyuk\.m2\repository\ch\qos\logback\logback-classic\1.4.8\logback-classic-1.4.8.jar;C:\Users\buyuk\.m2\repository\ch\qos\logback\logback-core\1.4.8\logback-core-1.4.8.jar;C:\Users\buyuk\.m2\repository\org\apache\logging\log4j\log4j-to-slf4j\2.20.0\log4j-to-slf4j-2.20.0.jar;C:\Users\buyuk\.m2\repository\org\apache\logging\log4j\log4j-api\2.20.0\log4j-api-2.20.0.jar;C:\Users\buyuk\.m2\repository\org\slf4j\jul-to-slf4j\2.0.7\jul-to-slf4j-2.0.7.jar;C:\Users\buyuk\.m2\repository\jakarta\annotation\jakarta.annotation-api\2.1.1\jakarta.annotation-api-2.1.1.jar;C:\Users\buyuk\.m2\repository\org\springframework\spring-core\6.0.11\spring-core-6.0.11.jar;C:\Users\buyuk\.m2\repository\org\springframework\spring-jcl\6.0.11\spring-jcl-6.0.11.jar;C:\Users\buyuk\.m2\repository\org\yaml\snakeyaml\1.33\snakeyaml-1.33.jar;C:\Users\buyuk\.m2\repository\mysql\mysql-connector-java\8.0.28\mysql-connector-java-8.0.28.jar;C:\Users\buyuk\.m2\repository\com\google\protobuf\protobuf-java\3.11.4\protobuf-java-3.11.4.jar;C:\Users\buyuk\.m2\repository\org\projectlombok\lombok\1.18.28\lombok-1.18.28.jar;C:\Users\buyuk\.m2\repository\org\springframework\boot\spring-boot-starter-test\3.1.2\spring-boot-starter-test-3.1.2.jar;C:\Users\buyuk\.m2\repository\org\springframework\boot\spring-boot-test\3.1.2\spring-boot-test-3.1.2.jar;C:\Users\buyuk\.m2\repository\org\springframework\boot\spring-boot-test-autoconfigure\3.1.2\spring-boot-test-autoconfigure-3.1.2.jar;C:\Users\buyuk\.m2\repository\com\jayway\jsonpath\json-path\2.8.0\json-path-2.8.0.jar;C:\Users\buyuk\.m2\repository\jakarta\xml\bind\jakarta.xml.bind-api\4.0.0\jakarta.xml.bind-api-4.0.0.jar;C:\Users\buyuk\.m2\repository\jakarta\activation\jakarta.activation-api\2.1.2\jakarta.activation-api-2.1.2.jar;C:\Users\buyuk\.m2\repository\net\minidev\json-smart\2.4.11\json-smart-2.4.11.jar;C:\Users\buyuk\.m2\repository\net\minidev\accessors-smart\2.4.11\accessors-smart-2.4.11.jar;C:\Users\buyuk\.m2\repository\org\ow2\asm\asm\9.3\asm-9.3.jar;C:\Users\buyuk\.m2\repository\org\assertj\assertj-core\3.24.2\assertj-core-3.24.2.jar;C:\Users\buyuk\.m2\repository\org\hamcrest\hamcrest\2.2\hamcrest-2.2.jar;C:\Users\buyuk\.m2\repository\org\junit\jupiter\junit-jupiter\5.9.3\junit-jupiter-5.9.3.jar;C:\Users\buyuk\.m2\repository\org\junit\jupiter\junit-jupiter-api\5.9.3\junit-jupiter-api-5.9.3.jar;C:\Users\buyuk\.m2\repository\org\opentest4j\opentest4j\1.2.0\opentest4j-1.2.0.jar;C:\Users\buyuk\.m2\repository\org\junit\platform\junit-platform-commons\1.9.3\junit-platform-commons-1.9.3.jar;C:\Users\buyuk\.m2\repository\org\apiguardian\apiguardian-api\1.1.2\apiguardian-api-1.1.2.jar;C:\Users\buyuk\.m2\repository\org\junit\jupiter\junit-jupiter-params\5.9.3\junit-jupiter-params-5.9.3.jar;C:\Users\buyuk\.m2\repository\org\junit\jupiter\junit-jupiter-engine\5.9.3\junit-jupiter-engine-5.9.3.jar;C:\Users\buyuk\.m2\repository\org\junit\platform\junit-platform-engine\1.9.3\junit-platform-engine-1.9.3.jar;C:\Users\buyuk\.m2\repository\org\mockito\mockito-core\5.3.1\mockito-core-5.3.1.jar;C:\Users\buyuk\.m2\repository\net\bytebuddy\byte-buddy-agent\1.14.5\byte-buddy-agent-1.14.5.jar;C:\Users\buyuk\.m2\repository\org\objenesis\objenesis\3.3\objenesis-3.3.jar;C:\Users\buyuk\.m2\repository\org\mockito\mockito-junit-jupiter\5.3.1\mockito-junit-jupiter-5.3.1.jar;C:\Users\buyuk\.m2\repository\org\skyscreamer\jsonassert\1.5.1\jsonassert-1.5.1.jar;C:\Users\buyuk\.m2\repository\com\vaadin\external\google\android-json\0.0.20131108.vaadin1\android-json-0.0.20131108.vaadin1.jar;C:\Users\buyuk\.m2\repository\org\springframework\spring-test\6.0.11\spring-test-6.0.11.jar;C:\Users\buyuk\.m2\repository\org\xmlunit\xmlunit-core\2.9.1\xmlunit-core-2.9.1.jar;C:\Users\buyuk\.m2\repository\com\google\firebase\firebase-admin\9.2.0\firebase-admin-9.2.0.jar;C:\Users\buyuk\.m2\repository\com\google\api-client\google-api-client\2.2.0\google-api-client-2.2.0.jar;C:\Users\buyuk\.m2\repository\commons-codec\commons-codec\1.15\commons-codec-1.15.jar;C:\Users\buyuk\.m2\repository\com\google\oauth-client\google-oauth-client\1.34.1\google-oauth-client-1.34.1.jar;C:\Users\buyuk\.m2\repository\com\google\http-client\google-http-client-gson\1.42.3\google-http-client-gson-1.42.3.jar;C:\Users\buyuk\.m2\repository\com\google\http-client\google-http-client-apache-v2\1.42.3\google-http-client-apache-v2-1.42.3.jar;C:\Users\buyuk\.m2\repository\org\apache\httpcomponents\httpcore\4.4.16\httpcore-4.4.16.jar;C:\Users\buyuk\.m2\repository\org\apache\httpcomponents\httpclient\4.5.14\httpclient-4.5.14.jar;C:\Users\buyuk\.m2\repository\com\google\api-client\google-api-client-gson\2.2.0\google-api-client-gson-2.2.0.jar;C:\Users\buyuk\.m2\repository\com\google\http-client\google-http-client\1.43.1\google-http-client-1.43.1.jar;C:\Users\buyuk\.m2\repository\com\google\code\findbugs\jsr305\3.0.2\jsr305-3.0.2.jar;C:\Users\buyuk\.m2\repository\com\google\errorprone\error_prone_annotations\2.18.0\error_prone_annotations-2.18.0.jar;C:\Users\buyuk\.m2\repository\com\google\j2objc\j2objc-annotations\1.3\j2objc-annotations-1.3.jar;C:\Users\buyuk\.m2\repository\io\opencensus\opencensus-api\0.31.1\opencensus-api-0.31.1.jar;C:\Users\buyuk\.m2\repository\io\opencensus\opencensus-contrib-http-util\0.31.1\opencensus-contrib-http-util-0.31.1.jar;C:\Users\buyuk\.m2\repository\com\google\api\api-common\2.12.0\api-common-2.12.0.jar;C:\Users\buyuk\.m2\repository\com\google\auto\value\auto-value-annotations\1.10.1\auto-value-annotations-1.10.1.jar;C:\Users\buyuk\.m2\repository\javax\annotation\javax.annotation-api\1.3.2\javax.annotation-api-1.3.2.jar;C:\Users\buyuk\.m2\repository\com\google\auth\google-auth-library-oauth2-http\1.17.0\google-auth-library-oauth2-http-1.17.0.jar;C:\Users\buyuk\.m2\repository\com\google\auth\google-auth-library-credentials\1.17.0\google-auth-library-credentials-1.17.0.jar;C:\Users\buyuk\.m2\repository\com\google\cloud\google-cloud-storage\2.22.4\google-cloud-storage-2.22.4.jar;C:\Users\buyuk\.m2\repository\com\google\guava\failureaccess\1.0.1\failureaccess-1.0.1.jar;C:\Users\buyuk\.m2\repository\com\google\guava\listenablefuture\9999.0-empty-to-avoid-conflict-with-guava\listenablefuture-9999.0-empty-to-avoid-conflict-with-guava.jar;C:\Users\buyuk\.m2\repository\com\google\http-client\google-http-client-jackson2\1.43.1\google-http-client-jackson2-1.43.1.jar;C:\Users\buyuk\.m2\repository\com\google\apis\google-api-services-storage\v1-rev20230301-2.0.0\google-api-services-storage-v1-rev20230301-2.0.0.jar;C:\Users\buyuk\.m2\repository\com\google\code\gson\gson\2.10.1\gson-2.10.1.jar;C:\Users\buyuk\.m2\repository\com\google\cloud\google-cloud-core\2.19.0\google-cloud-core-2.19.0.jar;C:\Users\buyuk\.m2\repository\com\google\cloud\google-cloud-core-http\2.19.0\google-cloud-core-http-2.19.0.jar;C:\Users\buyuk\.m2\repository\com\google\http-client\google-http-client-appengine\1.43.1\google-http-client-appengine-1.43.1.jar;C:\Users\buyuk\.m2\repository\com\google\api\gax-httpjson\0.114.0\gax-httpjson-0.114.0.jar;C:\Users\buyuk\.m2\repository\com\google\cloud\google-cloud-core-grpc\2.19.0\google-cloud-core-grpc-2.19.0.jar;C:\Users\buyuk\.m2\repository\com\google\api\gax\2.29.0\gax-2.29.0.jar;C:\Users\buyuk\.m2\repository\com\google\api\gax-grpc\2.29.0\gax-grpc-2.29.0.jar;C:\Users\buyuk\.m2\repository\io\grpc\grpc-alts\1.55.1\grpc-alts-1.55.1.jar;C:\Users\buyuk\.m2\repository\io\grpc\grpc-grpclb\1.55.1\grpc-grpclb-1.55.1.jar;C:\Users\buyuk\.m2\repository\org\conscrypt\conscrypt-openjdk-uber\2.5.2\conscrypt-openjdk-uber-2.5.2.jar;C:\Users\buyuk\.m2\repository\io\grpc\grpc-auth\1.55.1\grpc-auth-1.55.1.jar;C:\Users\buyuk\.m2\repository\io\grpc\grpc-protobuf\1.55.1\grpc-protobuf-1.55.1.jar;C:\Users\buyuk\.m2\repository\io\grpc\grpc-protobuf-lite\1.55.1\grpc-protobuf-lite-1.55.1.jar;C:\Users\buyuk\.m2\repository\io\grpc\grpc-context\1.55.1\grpc-context-1.55.1.jar;C:\Users\buyuk\.m2\repository\com\google\api\grpc\proto-google-iam-v1\1.15.0\proto-google-iam-v1-1.15.0.jar;C:\Users\buyuk\.m2\repository\com\google\protobuf\protobuf-java-util\3.23.2\protobuf-java-util-3.23.2.jar;C:\Users\buyuk\.m2\repository\com\google\api\grpc\proto-google-common-protos\2.20.0\proto-google-common-protos-2.20.0.jar;C:\Users\buyuk\.m2\repository\org\threeten\threetenbp\1.6.8\threetenbp-1.6.8.jar;C:\Users\buyuk\.m2\repository\com\google\api\grpc\proto-google-cloud-storage-v2\2.22.4-alpha\proto-google-cloud-storage-v2-2.22.4-alpha.jar;C:\Users\buyuk\.m2\repository\com\google\api\grpc\grpc-google-cloud-storage-v2\2.22.4-alpha\grpc-google-cloud-storage-v2-2.22.4-alpha.jar;C:\Users\buyuk\.m2\repository\com\google\api\grpc\gapic-google-cloud-storage-v2\2.22.4-alpha\gapic-google-cloud-storage-v2-2.22.4-alpha.jar;C:\Users\buyuk\.m2\repository\com\fasterxml\jackson\core\jackson-core\2.15.2\jackson-core-2.15.2.jar;C:\Users\buyuk\.m2\repository\io\grpc\grpc-api\1.55.1\grpc-api-1.55.1.jar;C:\Users\buyuk\.m2\repository\io\grpc\grpc-netty-shaded\1.55.1\grpc-netty-shaded-1.55.1.jar;C:\Users\buyuk\.m2\repository\io\perfmark\perfmark-api\0.26.0\perfmark-api-0.26.0.jar;C:\Users\buyuk\.m2\repository\io\grpc\grpc-core\1.55.1\grpc-core-1.55.1.jar;C:\Users\buyuk\.m2\repository\com\google\android\annotations\4.1.1.4\annotations-4.1.1.4.jar;C:\Users\buyuk\.m2\repository\org\codehaus\mojo\animal-sniffer-annotations\1.23\animal-sniffer-annotations-1.23.jar;C:\Users\buyuk\.m2\repository\io\grpc\grpc-stub\1.55.1\grpc-stub-1.55.1.jar;C:\Users\buyuk\.m2\repository\io\grpc\grpc-googleapis\1.55.1\grpc-googleapis-1.55.1.jar;C:\Users\buyuk\.m2\repository\org\checkerframework\checker-qual\3.32.0\checker-qual-3.32.0.jar;C:\Users\buyuk\.m2\repository\io\grpc\grpc-xds\1.55.1\grpc-xds-1.55.1.jar;C:\Users\buyuk\.m2\repository\io\opencensus\opencensus-proto\0.2.0\opencensus-proto-0.2.0.jar;C:\Users\buyuk\.m2\repository\io\grpc\grpc-services\1.55.1\grpc-services-1.55.1.jar;C:\Users\buyuk\.m2\repository\com\google\re2j\re2j\1.6\re2j-1.6.jar;C:\Users\buyuk\.m2\repository\io\grpc\grpc-rls\1.55.1\grpc-rls-1.55.1.jar;C:\Users\buyuk\.m2\repository\com\google\cloud\google-cloud-firestore\3.13.0\google-cloud-firestore-3.13.0.jar;C:\Users\buyuk\.m2\repository\commons-logging\commons-logging\1.2\commons-logging-1.2.jar;C:\Users\buyuk\.m2\repository\com\google\api\grpc\proto-google-cloud-firestore-v1\3.13.0\proto-google-cloud-firestore-v1-3.13.0.jar;C:\Users\buyuk\.m2\repository\com\google\cloud\proto-google-cloud-firestore-bundle-v1\3.13.0\proto-google-cloud-firestore-bundle-v1-3.13.0.jar;C:\Users\buyuk\.m2\repository\io\opencensus\opencensus-contrib-grpc-util\0.31.1\opencensus-contrib-grpc-util-0.31.1.jar;C:\Users\buyuk\.m2\repository\com\google\guava\guava\31.1-jre\guava-31.1-jre.jar;C:\Users\buyuk\.m2\repository\org\slf4j\slf4j-api\2.0.7\slf4j-api-2.0.7.jar;C:\Users\buyuk\.m2\repository\io\netty\netty-codec-http\4.1.94.Final\netty-codec-http-4.1.94.Final.jar;C:\Users\buyuk\.m2\repository\io\netty\netty-common\4.1.94.Final\netty-common-4.1.94.Final.jar;C:\Users\buyuk\.m2\repository\io\netty\netty-buffer\4.1.94.Final\netty-buffer-4.1.94.Final.jar;C:\Users\buyuk\.m2\repository\io\netty\netty-codec\4.1.94.Final\netty-codec-4.1.94.Final.jar;C:\Users\buyuk\.m2\repository\io\netty\netty-handler\4.1.94.Final\netty-handler-4.1.94.Final.jar;C:\Users\buyuk\.m2\repository\io\netty\netty-resolver\4.1.94.Final\netty-resolver-4.1.94.Final.jar;C:\Users\buyuk\.m2\repository\io\netty\netty-transport-native-unix-common\4.1.94.Final\netty-transport-native-unix-common-4.1.94.Final.jar;C:\Users\buyuk\.m2\repository\io\netty\netty-transport\4.1.94.Final\netty-transport-4.1.94.Final.jar;C:\Users\buyuk\.m2\repository\org\mapstruct\mapstruct\1.5.2.Final\mapstruct-1.5.2.Final.jar;C:\Users\buyuk\.m2\repository\org\springframework\boot\spring-boot-starter-validation\3.1.2\spring-boot-starter-validation-3.1.2.jar;C:\Users\buyuk\.m2\repository\org\apache\tomcat\embed\tomcat-embed-el\10.1.11\tomcat-embed-el-10.1.11.jar;C:\Users\buyuk\.m2\repository\org\hibernate\validator\hibernate-validator\8.0.1.Final\hibernate-validator-8.0.1.Final.jar;C:\Users\buyuk\.m2\repository\jakarta\validation\jakarta.validation-api\3.0.2\jakarta.validation-api-3.0.2.jar;"/>
    <property name="sun.cpu.endian" value="little"/>
    <property name="user.home" value="C:\Users\buyuk"/>
    <property name="user.language" value="tr"/>
    <property name="java.specification.vendor" value="Oracle Corporation"/>
    <property name="java.version.date" value="2023-07-18"/>
    <property name="java.home" value="C:\Program Files\Java\jdk-20"/>
    <property name="file.separator" value="\"/>
    <property name="basedir" value="C:\Users\buyuk\OneDrive\Belgeler\GitHub\Easy-Back-End"/>
    <property name="java.vm.compressedOopsMode" value="Zero based"/>
    <property name="line.separator" value="&#10;"/>
    <property name="java.vm.specification.vendor" value="Oracle Corporation"/>
    <property name="java.specification.name" value="Java Platform API Specification"/>
    <property name="FILE_LOG_CHARSET" value="UTF-8"/>
    <property name="java.awt.headless" value="true"/>
    <property name="surefire.real.class.path" value="C:\Users\buyuk\AppData\Local\Temp\surefire14510752256499065587\surefirebooter-20230829173717117_3.jar"/>
    <property name="user.script" value=""/>
    <property name="sun.management.compiler" value="HotSpot 64-Bit Tiered Compilers"/>
    <property name="java.runtime.version" value="20.0.2+9-78"/>
    <property name="user.name" value="buyuk"/>
    <property name="stdout.encoding" value="Cp1254"/>
    <property name="path.separator" value=";"/>
    <property name="os.version" value="10.0"/>
    <property name="java.runtime.name" value="Java(TM) SE Runtime Environment"/>
    <property name="file.encoding" value="UTF-8"/>
    <property name="java.vm.name" value="Java HotSpot(TM) 64-Bit Server VM"/>
    <property name="localRepository" value="C:\Users\buyuk\.m2\repository"/>
    <property name="java.vendor.url.bug" value="https://bugreport.java.com/bugreport/"/>
    <property name="java.io.tmpdir" value="C:\Users\buyuk\AppData\Local\Temp\"/>
    <property name="idea.version" value="2023.2.1"/>
    <property name="com.zaxxer.hikari.pool_number" value="1"/>
    <property name="java.version" value="20.0.2"/>
    <property name="user.dir" value="C:\Users\buyuk\OneDrive\Belgeler\GitHub\Easy-Back-End"/>
    <property name="os.arch" value="amd64"/>
    <property name="java.vm.specification.name" value="Java Virtual Machine Specification"/>
    <property name="PID" value="18224"/>
    <property name="sun.os.patch.level" value=""/>
    <property name="CONSOLE_LOG_CHARSET" value="UTF-8"/>
    <property name="native.encoding" value="Cp1254"/>
    <property name="java.library.path" value="C:\Program Files\Java\jdk-20\bin;C:\WINDOWS\Sun\Java\bin;C:\WINDOWS\system32;C:\WINDOWS;C:\Program Files\Common Files\Oracle\Java\javapath;C:\Windows\system32;C:\Windows;C:\Windows\System32\Wbem;C:\Windows\System32\WindowsPowerShell\v1.0\;C:\Windows\System32\OpenSSH\;C:\Program Files\NVIDIA Corporation\NVIDIA NvDLISR;C:\Program Files (x86)\NVIDIA Corporation\PhysX\Common;C:\WINDOWS\system32;C:\WINDOWS;C:\WINDOWS\System32\Wbem;C:\WINDOWS\System32\WindowsPowerShell\v1.0\;C:\WINDOWS\System32\OpenSSH\;C:\Program Files\Git\cmd;C:\Program Files\Docker\Docker\resources\bin;C:\Program Files\MySQL\MySQL Shell 8.0\bin\;C:\Users\buyuk\AppData\Local\Microsoft\WindowsApps;C:\Users\buyuk\AppData\Local\GitHubDesktop\bin;C:\Users\buyuk\AppData\Local\Programs\Microsoft VS Code\bin;C:\Program Files\Java\jdk-11\bin;;."/>
    <property name="java.vm.info" value="mixed mode, sharing"/>
    <property name="stderr.encoding" value="Cp1254"/>
    <property name="java.vendor" value="Oracle Corporation"/>
    <property name="java.vm.version" value="20.0.2+9-78"/>
    <property name="sun.io.unicode.encoding" value="UnicodeLittle"/>
    <property name="java.class.version" value="64.0"/>
  </properties>
  <testcase name="bootstrap" classname="com.example.Easy.Services.UserServiceTest" time="0.02">
    <system-out><![CDATA[2023-08-29T17:37:28.139+03:00  INFO 18224 --- [           main] t.c.s.AnnotationConfigContextLoaderUtils : Could not detect default configuration classes for test class [com.example.Easy.Services.UserServiceTest]: UserServiceTest does not declare any static, non-private, non-final, nested classes annotated with @Configuration.
2023-08-29T17:37:28.140+03:00  INFO 18224 --- [           main] .b.t.c.SpringBootTestContextBootstrapper : Found @SpringBootConfiguration com.example.Easy.EasyApplication for test class com.example.Easy.Services.UserServiceTest
]]></system-out>
  </testcase>
  <testcase name="getAllUsers" classname="com.example.Easy.Services.UserServiceTest" time="0.099">
    <system-out><![CDATA[[UserDTO(userId=01b79238-72c9-41fd-a93e-0d1323699ed9, name=user3, image=https://t3.ftcdn.net/jpg/05/17/79/88/360_F_517798849_WuXhHTpg2djTbfNf0FQAjzFEoluHpnct.jpg, userToken=3, role=null, comments=[], news=[com.example.Easy.Entities.NewsEntity@7df5358, com.example.Easy.Entities.NewsEntity@139f1db4, com.example.Easy.Entities.NewsEntity@532860c7, com.example.Easy.Entities.NewsEntity@62ccbd95, com.example.Easy.Entities.NewsEntity@595713f3, com.example.Easy.Entities.NewsEntity@7c9a39cb, com.example.Easy.Entities.NewsEntity@1fba15d7, com.example.Easy.Entities.NewsEntity@21f4f5d4, com.example.Easy.Entities.NewsEntity@a9339e5, com.example.Easy.Entities.NewsEntity@6eaf016e, com.example.Easy.Entities.NewsEntity@7ce87db5, com.example.Easy.Entities.NewsEntity@1ac65143, com.example.Easy.Entities.NewsEntity@73e054c0, com.example.Easy.Entities.NewsEntity@73760b13, com.example.Easy.Entities.NewsEntity@1a6aecec, com.example.Easy.Entities.NewsEntity@12f52ca4, com.example.Easy.Entities.NewsEntity@5bf41334, com.example.Easy.Entities.NewsEntity@750afe12]), UserDTO(userId=04e0fa4d-d560-4b6e-98c0-9cb50dec9e5b, name=user3, image=https://t3.ftcdn.net/jpg/05/17/79/88/360_F_517798849_WuXhHTpg2djTbfNf0FQAjzFEoluHpnct.jpg, userToken=3, role=null, comments=[], news=[com.example.Easy.Entities.NewsEntity@7537f638, com.example.Easy.Entities.NewsEntity@6b909973, com.example.Easy.Entities.NewsEntity@f4cfc61, com.example.Easy.Entities.NewsEntity@b632594, com.example.Easy.Entities.NewsEntity@24456c9e, com.example.Easy.Entities.NewsEntity@690b6292, com.example.Easy.Entities.NewsEntity@3b8ec458, com.example.Easy.Entities.NewsEntity@4704b66a, com.example.Easy.Entities.NewsEntity@3d8c499a, com.example.Easy.Entities.NewsEntity@60e2b6e3, com.example.Easy.Entities.NewsEntity@20f1c8ed, com.example.Easy.Entities.NewsEntity@68628510, com.example.Easy.Entities.NewsEntity@4def8aaa, com.example.Easy.Entities.NewsEntity@3ffa3cdb, com.example.Easy.Entities.NewsEntity@515d6c9f, com.example.Easy.Entities.NewsEntity@1f9e42d2, com.example.Easy.Entities.NewsEntity@759c0c14, com.example.Easy.Entities.NewsEntity@ca72afb]), UserDTO(userId=109d9ee0-ee4e-4c64-a258-7d5fbb6896e9, name=user3, image=https://t3.ftcdn.net/jpg/05/17/79/88/360_F_517798849_WuXhHTpg2djTbfNf0FQAjzFEoluHpnct.jpg, userToken=3, role=null, comments=[], news=[]), UserDTO(userId=10e54db3-87a4-4781-b64a-1859352b7210, name=user2, image=https://upload.wikimedia.org/wikipedia/commons/thumb/1/12/User_icon_2.svg/800px-User_icon_2.svg.png, userToken=2, role=null, comments=[], news=[com.example.Easy.Entities.NewsEntity@2b5a659f, com.example.Easy.Entities.NewsEntity@1540b926, com.example.Easy.Entities.NewsEntity@428943a4, com.example.Easy.Entities.NewsEntity@7c305624, com.example.Easy.Entities.NewsEntity@73534675, com.example.Easy.Entities.NewsEntity@2b7b6f58]), UserDTO(userId=11a5e3ef-f2d9-4ce6-b119-47354565acf1, name=user2, image=https://upload.wikimedia.org/wikipedia/commons/thumb/1/12/User_icon_2.svg/800px-User_icon_2.svg.png, userToken=2, role=null, comments=[], news=[]), UserDTO(userId=18f32e36-b6f0-4bf1-87ab-102fe6dc07d3, name=user3, image=https://t3.ftcdn.net/jpg/05/17/79/88/360_F_517798849_WuXhHTpg2djTbfNf0FQAjzFEoluHpnct.jpg, userToken=3, role=null, comments=[], news=[]), UserDTO(userId=1c55d08e-7cd8-4133-b5b8-f467d8e56d8c, name=user2, image=https://upload.wikimedia.org/wikipedia/commons/thumb/1/12/User_icon_2.svg/800px-User_icon_2.svg.png, userToken=2, role=null, comments=[], news=[]), UserDTO(userId=1f58f8b0-5fe4-4f93-8bd5-2c6580872940, name=user1, image=null, userToken=1, role=null, comments=[], news=[]), UserDTO(userId=221d3311-18e5-455c-9f92-77a0b02a4c1c, name=user4, image=https://cdn.pixabay.com/photo/2020/07/01/12/58/icon-5359553_1280.png, userToken=4, role=null, comments=[], news=[]), UserDTO(userId=2530f74b-2033-40db-a6ff-0d68a794568a, name=user2, image=https://upload.wikimedia.org/wikipedia/commons/thumb/1/12/User_icon_2.svg/800px-User_icon_2.svg.png, userToken=2, role=null, comments=[], news=[]), UserDTO(userId=31d2ee66-8506-4fb1-a799-959d7957732b, name=user4, image=https://cdn.pixabay.com/photo/2020/07/01/12/58/icon-5359553_1280.png, userToken=4, role=null, comments=[], news=[]), UserDTO(userId=3c584dbf-965a-4317-a51f-76d6be34d703, name=user2, image=https://upload.wikimedia.org/wikipedia/commons/thumb/1/12/User_icon_2.svg/800px-User_icon_2.svg.png, userToken=2, role=null, comments=[], news=[]), UserDTO(userId=4163726f-5ff7-4e4e-a7c2-f96826a862eb, name=user4, image=https://cdn.pixabay.com/photo/2020/07/01/12/58/icon-5359553_1280.png, userToken=4, role=null, comments=[], news=[]), UserDTO(userId=47df35ac-0c74-4ede-97db-4d53875373a6, name=user1, image=null, userToken=1, role=null, comments=[], news=[]), UserDTO(userId=4d190c7e-7cfe-43f4-872a-b8c976014834, name=user4, image=https://cdn.pixabay.com/photo/2020/07/01/12/58/icon-5359553_1280.png, userToken=4, role=null, comments=[], news=[com.example.Easy.Entities.NewsEntity@7f2163d3, com.example.Easy.Entities.NewsEntity@57404a8d, com.example.Easy.Entities.NewsEntity@4734a551]), UserDTO(userId=515d0ebe-801b-43d6-a1be-cf857c6c8a5f, name=user1, image=null, userToken=1, role=null, comments=[], news=[]), UserDTO(userId=5434716d-0432-4f07-a5fc-c7ca03991f83, name=user2, image=https://upload.wikimedia.org/wikipedia/commons/thumb/1/12/User_icon_2.svg/800px-User_icon_2.svg.png, userToken=2, role=null, comments=[], news=[]), UserDTO(userId=605e9190-dde8-4c61-8b5a-8720293b692d, name=user1, image=null, userToken=1, role=null, comments=[], news=[]), UserDTO(userId=620203f5-bd15-46de-8a39-8f99a5568003, name=user3, image=https://t3.ftcdn.net/jpg/05/17/79/88/360_F_517798849_WuXhHTpg2djTbfNf0FQAjzFEoluHpnct.jpg, userToken=3, role=null, comments=[], news=[com.example.Easy.Entities.NewsEntity@5d63d553, com.example.Easy.Entities.NewsEntity@6b56e8ee, com.example.Easy.Entities.NewsEntity@1377e395, com.example.Easy.Entities.NewsEntity@33f17d3d]), UserDTO(userId=6a0d470a-5b47-4d8b-9b20-5dd6f21c1739, name=user3, image=https://t3.ftcdn.net/jpg/05/17/79/88/360_F_517798849_WuXhHTpg2djTbfNf0FQAjzFEoluHpnct.jpg, userToken=3, role=null, comments=[], news=[]), UserDTO(userId=77e1856d-42f9-4414-a0cb-5191f89ee996, name=user4, image=https://cdn.pixabay.com/photo/2020/07/01/12/58/icon-5359553_1280.png, userToken=4, role=null, comments=[], news=[]), UserDTO(userId=87d89068-d413-43c2-bf33-266253f15c96, name=user2, image=https://upload.wikimedia.org/wikipedia/commons/thumb/1/12/User_icon_2.svg/800px-User_icon_2.svg.png, userToken=2, role=null, comments=[], news=[]), UserDTO(userId=aa64c427-3c44-4286-9556-dcd3792a1a0a, name=user3, image=https://t3.ftcdn.net/jpg/05/17/79/88/360_F_517798849_WuXhHTpg2djTbfNf0FQAjzFEoluHpnct.jpg, userToken=3, role=null, comments=[], news=[]), UserDTO(userId=b1776cbd-8897-4ec4-ab91-955fd7a5a77b, name=user1, image=null, userToken=1, role=null, comments=[], news=[]), UserDTO(userId=b2677e4b-3cc9-4121-8f38-688e48b0ee2d, name=user1, image=null, userToken=1, role=null, comments=[], news=[]), UserDTO(userId=b9d9a909-05f5-44df-9572-58c71e138217, name=user4, image=https://cdn.pixabay.com/photo/2020/07/01/12/58/icon-5359553_1280.png, userToken=4, role=null, comments=[], news=[]), UserDTO(userId=bb920123-5914-4233-bcbe-75204eec6c25, name=user4, image=https://cdn.pixabay.com/photo/2020/07/01/12/58/icon-5359553_1280.png, userToken=4, role=null, comments=[], news=[]), UserDTO(userId=c2bc8219-5a79-47ae-ae99-106833729afa, name=user1, image=null, userToken=1, role=null, comments=[], news=[]), UserDTO(userId=c52c57cb-c8ec-4a09-ba32-2dcc3247e375, name=user3, image=https://t3.ftcdn.net/jpg/05/17/79/88/360_F_517798849_WuXhHTpg2djTbfNf0FQAjzFEoluHpnct.jpg, userToken=3, role=null, comments=[], news=[]), UserDTO(userId=c7c1d690-bafc-4a99-8861-3feb67e5991f, name=user1, image=null, userToken=1, role=null, comments=[], news=[com.example.Easy.Entities.NewsEntity@3a3740a5, com.example.Easy.Entities.NewsEntity@1bb1c6dd, com.example.Easy.Entities.NewsEntity@5920c4ed, com.example.Easy.Entities.NewsEntity@4f8eb97c, com.example.Easy.Entities.NewsEntity@5da13494, com.example.Easy.Entities.NewsEntity@5d260659]), UserDTO(userId=c9eb3141-7021-46bd-ab49-bc946629753b, name=user4, image=https://cdn.pixabay.com/photo/2020/07/01/12/58/icon-5359553_1280.png, userToken=4, role=null, comments=[], news=[]), UserDTO(userId=d8a88b21-56c8-4d0a-ad82-f81b0e159cde, name=user4, image=https://cdn.pixabay.com/photo/2020/07/01/12/58/icon-5359553_1280.png, userToken=4, role=null, comments=[], news=[]), UserDTO(userId=da61f60e-75ab-4b1a-a6cc-653e484193e2, name=user2, image=https://upload.wikimedia.org/wikipedia/commons/thumb/1/12/User_icon_2.svg/800px-User_icon_2.svg.png, userToken=2, role=null, comments=[], news=[]), UserDTO(userId=dea27a56-2473-4f54-957f-e28fb80b9e57, name=user3, image=https://t3.ftcdn.net/jpg/05/17/79/88/360_F_517798849_WuXhHTpg2djTbfNf0FQAjzFEoluHpnct.jpg, userToken=3, role=null, comments=[], news=[]), UserDTO(userId=dea5d1d8-7a13-426d-ad10-c87cbe5c7fc3, name=user2, image=https://upload.wikimedia.org/wikipedia/commons/thumb/1/12/User_icon_2.svg/800px-User_icon_2.svg.png, userToken=2, role=null, comments=[], news=[]), UserDTO(userId=e289cf37-f490-46a6-80a0-30550d4be23f, name=user3, image=https://t3.ftcdn.net/jpg/05/17/79/88/360_F_517798849_WuXhHTpg2djTbfNf0FQAjzFEoluHpnct.jpg, userToken=3, role=null, comments=[], news=[]), UserDTO(userId=e6d9e3f9-13f6-4047-b482-0af0ffa49f0e, name=user1, image=null, userToken=1, role=null, comments=[], news=[]), UserDTO(userId=ea7c46d7-bde9-4601-b9d1-60fb320ee1c0, name=user4, image=https://cdn.pixabay.com/photo/2020/07/01/12/58/icon-5359553_1280.png, userToken=4, role=null, comments=[], news=[]), UserDTO(userId=ee04c4fc-bee4-4903-a4de-2325c65a62e9, name=user3, image=https://t3.ftcdn.net/jpg/05/17/79/88/360_F_517798849_WuXhHTpg2djTbfNf0FQAjzFEoluHpnct.jpg, userToken=3, role=null, comments=[], news=[]), UserDTO(userId=ee7cae5a-b56a-4419-a835-e92b6702dc27, name=user2, image=https://upload.wikimedia.org/wikipedia/commons/thumb/1/12/User_icon_2.svg/800px-User_icon_2.svg.png, userToken=2, role=null, comments=[], news=[]), UserDTO(userId=f2606908-dac3-4f7c-b75e-cd33f686686f, name=user4, image=https://cdn.pixabay.com/photo/2020/07/01/12/58/icon-5359553_1280.png, userToken=4, role=null, comments=[], news=[]), UserDTO(userId=f55c698b-ba7e-4d6a-a481-54088d78b4a2, name=user1, image=null, userToken=1, role=null, comments=[], news=[]), UserDTO(userId=f9cc2080-18c9-45b5-9750-aafd4f4a5945, name=user1, image=null, userToken=1, role=null, comments=[], news=[]), UserDTO(userId=febdb905-4d3e-4afe-ba1b-520545fee0f3, name=user2, image=https://upload.wikimedia.org/wikipedia/commons/thumb/1/12/User_icon_2.svg/800px-User_icon_2.svg.png, userToken=2, role=null, comments=[], news=[])]
]]></system-out>
  </testcase>
  <testcase name="getUserById" classname="com.example.Easy.Services.UserServiceTest" time="0.143">
    <system-out><![CDATA[UserDTO(userId=01b79238-72c9-41fd-a93e-0d1323699ed9, name=user3, image=https://t3.ftcdn.net/jpg/05/17/79/88/360_F_517798849_WuXhHTpg2djTbfNf0FQAjzFEoluHpnct.jpg, userToken=3, role=null, comments=[], news=[com.example.Easy.Entities.NewsEntity@5cfb4b71, com.example.Easy.Entities.NewsEntity@7cb7ca06, com.example.Easy.Entities.NewsEntity@60adea01, com.example.Easy.Entities.NewsEntity@2295535f, com.example.Easy.Entities.NewsEntity@177d7e98, com.example.Easy.Entities.NewsEntity@7d3d89fb, com.example.Easy.Entities.NewsEntity@62b71cfa, com.example.Easy.Entities.NewsEntity@5757ef9b, com.example.Easy.Entities.NewsEntity@2d0f850, com.example.Easy.Entities.NewsEntity@a6017f9, com.example.Easy.Entities.NewsEntity@4dd4a4e, com.example.Easy.Entities.NewsEntity@7469d13a, com.example.Easy.Entities.NewsEntity@4a907e5a, com.example.Easy.Entities.NewsEntity@6818c0a6, com.example.Easy.Entities.NewsEntity@b15da69, com.example.Easy.Entities.NewsEntity@6679a082, com.example.Easy.Entities.NewsEntity@71e064b2, com.example.Easy.Entities.NewsEntity@40406a3f])
]]></system-out>
  </testcase>
</testsuite>